TN:
SF:index.ts
FN:4,(anonymous_4)
FN:4,(anonymous_5)
FN:6,(anonymous_6)
FN:6,(anonymous_7)
FN:6,(anonymous_8)
FN:12,(anonymous_9)
FN:12,(anonymous_10)
FN:16,(anonymous_11)
FN:20,(anonymous_12)
FN:22,(anonymous_13)
FN:24,(anonymous_14)
FNF:11
FNH:0
FNDA:0,(anonymous_4)
FNDA:0,(anonymous_5)
FNDA:0,(anonymous_6)
FNDA:0,(anonymous_7)
FNDA:0,(anonymous_8)
FNDA:0,(anonymous_9)
FNDA:0,(anonymous_10)
FNDA:0,(anonymous_11)
FNDA:0,(anonymous_12)
FNDA:0,(anonymous_13)
FNDA:0,(anonymous_14)
DA:1,1
DA:2,1
DA:4,1
DA:6,1
DA:8,1
DA:10,1
DA:12,1
DA:14,1
DA:16,1
DA:18,1
DA:20,1
DA:22,1
DA:24,1
LF:13
LH:13
BRF:0
BRH:0
end_of_record
TN:
SF:lib\command-options.ts
FN:7,commandOptions
FN:12,isCommandOptions
FNF:2
FNH:0
FNDA:0,commandOptions
FNDA:0,isCommandOptions
DA:1,1
DA:7,1
DA:8,0
DA:9,0
DA:12,1
DA:13,0
LF:6
LH:3
BRF:0
BRH:0
end_of_record
TN:
SF:lib\commander.ts
FN:17,attachCommands
FN:23,(anonymous_1)
FN:39,attachExtensions
FN:76,attachWithNamespaces
FN:82,(anonymous_4)
FN:98,(anonymous_5)
FN:107,transformCommandArguments
FN:128,transformLegacyCommandArguments
FN:129,(anonymous_8)
FN:136,transformCommandReply
FN:148,fCallArguments
FNF:11
FNH:1
FNDA:4,attachCommands
FNDA:0,(anonymous_1)
FNDA:0,attachExtensions
FNDA:0,attachWithNamespaces
FNDA:0,(anonymous_4)
FNDA:0,(anonymous_5)
FNDA:0,transformCommandArguments
FNDA:0,transformLegacyCommandArguments
FNDA:0,(anonymous_8)
FNDA:0,transformCommandReply
FNDA:0,fCallArguments
DA:3,1
DA:17,1
DA:22,4
DA:23,2164
DA:24,0
DA:39,1
DA:42,0
DA:43,0
DA:50,0
DA:51,0
DA:58,0
DA:59,0
DA:60,0
DA:67,0
DA:81,0
DA:83,0
DA:85,0
DA:86,0
DA:95,0
DA:96,0
DA:97,0
DA:98,0
DA:99,0
DA:104,0
DA:107,1
DA:116,0
DA:117,0
DA:118,0
DA:121,0
DA:128,1
DA:129,0
DA:130,0
DA:136,1
DA:141,0
DA:142,0
DA:145,0
DA:148,1
DA:153,0
DA:158,0
DA:159,0
DA:162,0
DA:164,0
LF:42
LH:9
BRDA:42,0,0,0
BRDA:42,0,1,0
BRDA:50,1,0,0
BRDA:50,1,1,0
BRDA:52,2,0,0
BRDA:52,2,1,0
BRDA:58,3,0,0
BRDA:58,3,1,0
BRDA:59,4,0,0
BRDA:59,4,1,0
BRDA:67,5,0,0
BRDA:67,5,1,0
BRDA:116,6,0,0
BRDA:116,6,1,0
BRDA:130,7,0,0
BRDA:130,7,1,0
BRDA:130,8,0,0
BRDA:130,8,1,0
BRDA:141,9,0,0
BRDA:141,9,1,0
BRDA:154,10,0,0
BRDA:154,10,1,0
BRDA:158,11,0,0
BRDA:158,11,1,0
BRF:24
BRH:0
end_of_record
TN:
SF:lib\errors.ts
FN:2,(anonymous_0)
FN:8,(anonymous_1)
FN:14,(anonymous_2)
FN:20,(anonymous_3)
FN:26,(anonymous_4)
FN:32,(anonymous_5)
FN:38,(anonymous_6)
FN:44,(anonymous_7)
FN:53,(anonymous_8)
FN:61,(anonymous_9)
FNF:10
FNH:4
FNDA:0,(anonymous_0)
FNDA:1,(anonymous_1)
FNDA:8,(anonymous_2)
FNDA:0,(anonymous_3)
FNDA:0,(anonymous_4)
FNDA:0,(anonymous_5)
FNDA:0,(anonymous_6)
FNDA:0,(anonymous_7)
FNDA:2,(anonymous_8)
FNDA:9,(anonymous_9)
DA:1,1
DA:3,0
DA:7,1
DA:9,1
DA:13,1
DA:15,8
DA:19,1
DA:21,0
DA:25,1
DA:27,0
DA:31,1
DA:33,0
DA:37,1
DA:39,0
DA:43,1
DA:45,0
DA:49,1
DA:50,2
DA:51,2
DA:54,2
DA:55,2
DA:56,2
DA:60,1
DA:62,9
DA:63,9
LF:25
LH:19
BRF:0
BRH:0
end_of_record
TN:
SF:lib\lua-script.ts
FN:13,defineScript
FN:20,scriptSha1
FNF:2
FNH:2
FNDA:1,defineScript
FNDA:2,scriptSha1
DA:1,1
DA:13,1
DA:14,1
DA:20,1
DA:21,2
LF:5
LH:5
BRF:0
BRH:0
end_of_record
TN:
SF:lib\multi-command.ts
FN:10,(anonymous_0)
FN:11,(anonymous_1)
FN:19,(anonymous_2)
FN:26,(anonymous_3)
FN:39,(anonymous_4)
FN:72,(anonymous_5)
FN:81,(anonymous_6)
FN:82,(anonymous_7)
FNF:8
FNH:7
FNDA:7,(anonymous_0)
FNDA:1,(anonymous_1)
FNDA:6,(anonymous_2)
FNDA:0,(anonymous_3)
FNDA:2,(anonymous_4)
FNDA:2,(anonymous_5)
FNDA:2,(anonymous_6)
FNDA:2,(anonymous_7)
DA:1,1
DA:3,1
DA:10,1
DA:12,1
DA:15,7
DA:17,7
DA:20,6
DA:27,0
DA:32,0
DA:36,0
DA:40,2
DA:41,2
DA:42,1
DA:47,1
DA:48,1
DA:54,2
DA:55,2
DA:58,2
DA:59,2
DA:60,2
DA:61,0
DA:64,2
DA:69,2
DA:73,2
DA:74,2
DA:75,1
DA:78,1
DA:82,2
DA:83,2
DA:84,2
LF:30
LH:26
BRDA:41,0,0,1
BRDA:41,0,1,1
BRDA:54,1,0,2
BRDA:54,1,1,0
BRDA:60,2,0,0
BRDA:60,2,1,2
BRDA:74,3,0,1
BRDA:74,3,1,1
BRDA:84,4,0,1
BRDA:84,4,1,1
BRF:10
BRH:8
end_of_record
TN:
SF:lib\utils.ts
FN:1,promiseTimeout
FN:2,(anonymous_1)
FNF:2
FNH:2
FNDA:5,promiseTimeout
FNDA:5,(anonymous_1)
DA:1,1
DA:2,5
LF:2
LH:2
BRF:0
BRH:0
end_of_record
TN:
SF:lib\client\commands-queue.ts
FN:49,(anonymous_2)
FN:99,(anonymous_3)
FN:56,(anonymous_4)
FN:60,(anonymous_5)
FN:107,(anonymous_6)
FN:114,(anonymous_7)
FN:124,(anonymous_8)
FN:146,(anonymous_9)
FN:157,(anonymous_10)
FN:168,(anonymous_11)
FN:173,(anonymous_12)
FN:177,(anonymous_13)
FN:187,(anonymous_14)
FN:193,(anonymous_15)
FN:217,(anonymous_16)
FN:239,(anonymous_17)
FN:243,(anonymous_18)
FN:257,(anonymous_19)
FN:36,_RedisCommandsQueue_flushQueue
FN:40,_RedisCommandsQueue_pushPubSubCommand
FN:200,(anonymous_22)
FN:205,(anonymous_23)
FN:209,(anonymous_24)
FNF:23
FNH:0
FNDA:0,(anonymous_2)
FNDA:0,(anonymous_3)
FNDA:0,(anonymous_4)
FNDA:0,(anonymous_5)
FNDA:0,(anonymous_6)
FNDA:0,(anonymous_7)
FNDA:0,(anonymous_8)
FNDA:0,(anonymous_9)
FNDA:0,(anonymous_10)
FNDA:0,(anonymous_11)
FNDA:0,(anonymous_12)
FNDA:0,(anonymous_13)
FNDA:0,(anonymous_14)
FNDA:0,(anonymous_15)
FNDA:0,(anonymous_16)
FNDA:0,(anonymous_17)
FNDA:0,(anonymous_18)
FNDA:0,(anonymous_19)
FNDA:0,_RedisCommandsQueue_flushQueue
FNDA:0,_RedisCommandsQueue_pushPubSubCommand
FNDA:0,(anonymous_22)
FNDA:0,(anonymous_23)
FNDA:0,(anonymous_24)
DA:1,1
DA:2,1
DA:4,1
DA:5,1
DA:6,1
DA:31,1
DA:35,1
DA:36,1
DA:37,0
DA:38,0
DA:42,0
DA:43,0
DA:44,0
DA:45,0
DA:47,0
DA:50,0
DA:53,0
DA:55,0
DA:57,0
DA:61,0
DA:62,0
DA:64,0
DA:65,0
DA:66,0
DA:67,0
DA:71,0
DA:72,0
DA:73,0
DA:74,0
DA:78,0
DA:80,0
DA:82,0
DA:83,0
DA:84,0
DA:85,0
DA:86,0
DA:90,0
DA:91,0
DA:92,0
DA:94,0
DA:103,0
DA:104,0
DA:108,0
DA:109,0
DA:110,0
DA:111,0
DA:114,0
DA:115,0
DA:123,0
DA:124,0
DA:125,0
DA:126,0
DA:128,0
DA:133,0
DA:138,0
DA:139,0
DA:141,0
DA:152,0
DA:163,0
DA:169,0
DA:170,0
DA:172,0
DA:173,0
DA:182,0
DA:188,0
DA:194,0
DA:198,0
DA:200,0
DA:201,0
DA:206,0
DA:207,0
DA:210,0
DA:211,0
DA:218,0
DA:219,0
DA:222,0
DA:223,0
DA:225,0
DA:226,0
DA:229,0
DA:235,0
DA:236,0
DA:240,0
DA:244,0
DA:245,0
DA:246,0
DA:248,0
DA:250,0
DA:251,0
DA:254,0
DA:258,0
DA:259,0
DA:260,0
DA:261,0
LF:94
LH:8
BRDA:57,0,0,0
BRDA:57,0,1,0
BRDA:61,1,0,0
BRDA:61,1,1,0
BRDA:61,2,0,0
BRDA:61,2,1,0
BRDA:62,3,0,0
BRDA:62,3,1,0
BRDA:65,4,0,0
BRDA:65,4,1,0
BRDA:65,5,0,0
BRDA:65,5,1,0
BRDA:72,6,0,0
BRDA:72,6,1,0
BRDA:72,7,0,0
BRDA:72,7,1,0
BRDA:74,8,0,0
BRDA:74,8,1,0
BRDA:75,9,0,0
BRDA:75,9,1,0
BRDA:75,9,2,0
BRDA:82,10,0,0
BRDA:82,10,1,0
BRDA:84,11,0,0
BRDA:84,11,1,0
BRDA:85,12,0,0
BRDA:85,12,1,0
BRDA:91,13,0,0
BRDA:91,13,1,0
BRDA:108,14,0,0
BRDA:108,14,1,0
BRDA:108,15,0,0
BRDA:108,15,1,0
BRDA:110,16,0,0
BRDA:110,16,1,0
BRDA:123,17,0,0
BRDA:123,17,1,0
BRDA:138,18,0,0
BRDA:138,18,1,0
BRDA:170,19,0,0
BRDA:170,19,1,0
BRDA:219,20,0,0
BRDA:219,20,1,0
BRDA:248,21,0,0
BRDA:248,21,1,0
BRDA:198,22,0,0
BRDA:198,22,1,0
BRF:47
BRH:0
end_of_record
TN:
SF:lib\client\commands.ts
FNF:0
FNH:0
DA:1,1
DA:2,1
DA:3,1
DA:4,1
DA:5,1
DA:6,1
DA:7,1
DA:8,1
DA:9,1
DA:10,1
DA:11,1
DA:12,1
DA:13,1
DA:14,1
DA:15,1
DA:16,1
DA:17,1
DA:18,1
DA:19,1
DA:20,1
DA:21,1
DA:22,1
DA:23,1
DA:24,1
DA:25,1
DA:26,1
DA:27,1
DA:28,1
DA:29,1
DA:30,1
DA:31,1
DA:32,1
DA:33,1
DA:34,1
DA:35,1
DA:36,1
DA:37,1
DA:38,1
DA:39,1
DA:40,1
DA:41,1
DA:42,1
DA:43,1
DA:44,1
DA:45,1
DA:46,1
DA:47,1
DA:48,1
DA:49,1
DA:50,1
DA:51,1
DA:52,1
DA:53,1
DA:54,1
DA:55,1
DA:56,1
DA:57,1
DA:58,1
DA:59,1
DA:60,1
DA:61,1
DA:62,1
DA:63,1
DA:64,1
DA:65,1
DA:66,1
DA:67,1
DA:68,1
DA:69,1
DA:70,1
DA:71,1
DA:72,1
DA:73,1
DA:74,1
DA:75,1
DA:76,1
DA:77,1
DA:78,1
DA:79,1
DA:80,1
DA:81,1
DA:82,1
DA:83,1
DA:84,1
DA:85,1
DA:86,1
DA:87,1
DA:88,1
DA:89,1
DA:90,1
DA:91,1
DA:92,1
DA:93,1
DA:94,1
DA:95,1
DA:96,1
DA:97,1
DA:98,1
DA:99,1
DA:100,1
DA:101,1
DA:102,1
DA:103,1
DA:104,1
DA:105,1
DA:106,1
DA:107,1
DA:108,1
DA:109,1
DA:110,1
DA:111,1
DA:112,1
DA:113,1
DA:114,1
DA:115,1
DA:116,1
DA:117,1
DA:118,1
DA:119,1
DA:120,1
DA:122,1
LF:121
LH:121
BRF:0
BRH:0
end_of_record
TN:
SF:lib\client\index.ts
FN:114,(anonymous_2)
FN:120,(anonymous_3)
FN:142,(anonymous_4)
FN:150,(anonymous_5)
FN:196,(anonymous_6)
FN:200,(anonymous_7)
FN:204,(anonymous_8)
FN:208,(anonymous_9)
FN:212,(anonymous_10)
FN:220,(anonymous_11)
FN:422,(anonymous_12)
FN:429,(anonymous_13)
FN:435,(anonymous_14)
FN:447,(anonymous_15)
FN:477,(anonymous_16)
FN:490,(anonymous_17)
FN:502,(anonymous_18)
FN:514,(anonymous_19)
FN:542,(anonymous_20)
FN:561,(anonymous_21)
FN:579,(anonymous_22)
FN:596,(anonymous_23)
FN:613,(anonymous_24)
FN:630,(anonymous_25)
FN:647,(anonymous_26)
FN:664,(anonymous_27)
FN:668,(anonymous_28)
FN:678,(anonymous_29)
FN:684,(anonymous_30)
FN:685,(anonymous_31)
FN:713,(anonymous_32)
FN:718,(anonymous_33)
FN:727,(anonymous_34)
FN:762,(anonymous_35)
FN:773,(anonymous_36)
FN:784,(anonymous_37)
FN:795,(anonymous_38)
FN:806,(anonymous_39)
FN:818,(anonymous_40)
FN:822,(anonymous_41)
FN:231,_RedisClient_initiateOptions
FN:246,_RedisClient_initiateQueue
FN:251,(anonymous_44)
FN:253,_RedisClient_initiateSocket
FN:256,(anonymous_46)
FN:310,(anonymous_47)
FN:311,(anonymous_48)
FN:319,(anonymous_49)
FN:322,(anonymous_50)
FN:327,(anonymous_51)
FN:328,(anonymous_52)
FN:329,(anonymous_53)
FN:330,_RedisClient_initiateIsolationPool
FN:334,(anonymous_55)
FN:337,(anonymous_56)
FN:341,(anonymous_57)
FN:343,_RedisClient_legacyMode
FN:349,(anonymous_59)
FN:353,(anonymous_60)
FN:354,(anonymous_61)
FN:376,_RedisClient_legacySendCommand
FN:388,(anonymous_63)
FN:389,_RedisClient_defineLegacyCommand
FN:394,(anonymous_65)
FN:398,(anonymous_66)
FN:399,(anonymous_67)
FN:402,(anonymous_68)
FN:403,_RedisClient_setPingTimer
FN:411,(anonymous_70)
FN:416,(anonymous_71)
FN:417,(anonymous_72)
FN:418,(anonymous_73)
FN:420,_RedisClient_sendCommand
FN:462,(anonymous_75)
FN:475,_RedisClient_pubSubCommand
FN:559,_RedisClient_tick
FN:711,_RedisClient_addMultiCommands
FN:758,(anonymous_79)
FN:812,_RedisClient_destroyIsolationPool
FNF:79
FNH:0
FNDA:0,(anonymous_2)
FNDA:0,(anonymous_3)
FNDA:0,(anonymous_4)
FNDA:0,(anonymous_5)
FNDA:0,(anonymous_6)
FNDA:0,(anonymous_7)
FNDA:0,(anonymous_8)
FNDA:0,(anonymous_9)
FNDA:0,(anonymous_10)
FNDA:0,(anonymous_11)
FNDA:0,(anonymous_12)
FNDA:0,(anonymous_13)
FNDA:0,(anonymous_14)
FNDA:0,(anonymous_15)
FNDA:0,(anonymous_16)
FNDA:0,(anonymous_17)
FNDA:0,(anonymous_18)
FNDA:0,(anonymous_19)
FNDA:0,(anonymous_20)
FNDA:0,(anonymous_21)
FNDA:0,(anonymous_22)
FNDA:0,(anonymous_23)
FNDA:0,(anonymous_24)
FNDA:0,(anonymous_25)
FNDA:0,(anonymous_26)
FNDA:0,(anonymous_27)
FNDA:0,(anonymous_28)
FNDA:0,(anonymous_29)
FNDA:0,(anonymous_30)
FNDA:0,(anonymous_31)
FNDA:0,(anonymous_32)
FNDA:0,(anonymous_33)
FNDA:0,(anonymous_34)
FNDA:0,(anonymous_35)
FNDA:0,(anonymous_36)
FNDA:0,(anonymous_37)
FNDA:0,(anonymous_38)
FNDA:0,(anonymous_39)
FNDA:0,(anonymous_40)
FNDA:0,(anonymous_41)
FNDA:0,_RedisClient_initiateOptions
FNDA:0,_RedisClient_initiateQueue
FNDA:0,(anonymous_44)
FNDA:0,_RedisClient_initiateSocket
FNDA:0,(anonymous_46)
FNDA:0,(anonymous_47)
FNDA:0,(anonymous_48)
FNDA:0,(anonymous_49)
FNDA:0,(anonymous_50)
FNDA:0,(anonymous_51)
FNDA:0,(anonymous_52)
FNDA:0,(anonymous_53)
FNDA:0,_RedisClient_initiateIsolationPool
FNDA:0,(anonymous_55)
FNDA:0,(anonymous_56)
FNDA:0,(anonymous_57)
FNDA:0,_RedisClient_legacyMode
FNDA:0,(anonymous_59)
FNDA:0,(anonymous_60)
FNDA:0,(anonymous_61)
FNDA:0,_RedisClient_legacySendCommand
FNDA:0,(anonymous_63)
FNDA:0,_RedisClient_defineLegacyCommand
FNDA:0,(anonymous_65)
FNDA:0,(anonymous_66)
FNDA:0,(anonymous_67)
FNDA:0,(anonymous_68)
FNDA:0,_RedisClient_setPingTimer
FNDA:0,(anonymous_70)
FNDA:0,(anonymous_71)
FNDA:0,(anonymous_72)
FNDA:0,(anonymous_73)
FNDA:0,_RedisClient_sendCommand
FNDA:0,(anonymous_75)
FNDA:0,_RedisClient_pubSubCommand
FNDA:0,_RedisClient_tick
FNDA:0,_RedisClient_addMultiCommands
FNDA:0,(anonymous_79)
FNDA:0,_RedisClient_destroyIsolationPool
DA:1,1
DA:3,1
DA:4,1
DA:5,1
DA:7,1
DA:8,1
DA:12,1
DA:13,1
DA:14,1
DA:15,1
DA:17,1
DA:109,1
DA:115,0
DA:118,0
DA:125,0
DA:135,0
DA:136,0
DA:139,0
DA:147,0
DA:152,0
DA:153,0
DA:159,0
DA:160,0
DA:161,0
DA:162,0
DA:165,0
DA:166,0
DA:169,0
DA:170,0
DA:173,0
DA:174,0
DA:177,0
DA:178,0
DA:179,0
DA:180,0
DA:183,0
DA:186,0
DA:189,0
DA:190,0
DA:191,0
DA:192,0
DA:193,0
DA:194,0
DA:197,0
DA:201,0
DA:205,0
DA:209,0
DA:213,0
DA:214,0
DA:217,0
DA:221,0
DA:222,0
DA:223,0
DA:224,0
DA:227,0
DA:228,0
DA:231,1
DA:232,0
DA:233,0
DA:234,0
DA:235,0
DA:238,0
DA:241,0
DA:242,0
DA:245,0
DA:249,0
DA:251,0
DA:256,0
DA:257,0
DA:259,0
DA:260,0
DA:268,0
DA:269,0
DA:277,0
DA:278,0
DA:286,0
DA:287,0
DA:298,0
DA:299,0
DA:300,0
DA:303,0
DA:304,0
DA:305,0
DA:309,0
DA:310,0
DA:312,0
DA:313,0
DA:314,0
DA:316,0
DA:320,0
DA:323,0
DA:324,0
DA:325,0
DA:327,0
DA:328,0
DA:329,0
DA:333,0
DA:335,0
DA:337,0
DA:338,0
DA:339,0
DA:341,0
DA:346,0
DA:348,0
DA:349,0
DA:350,0
DA:351,0
DA:352,0
DA:353,0
DA:354,0
DA:358,0
DA:359,0
DA:360,0
DA:364,0
DA:365,0
DA:366,0
DA:367,0
DA:368,0
DA:369,0
DA:370,0
DA:371,0
DA:372,0
DA:373,0
DA:374,0
DA:375,0
DA:379,0
DA:383,0
DA:384,0
DA:388,0
DA:392,0
DA:393,0
DA:395,0
DA:396,0
DA:397,0
DA:398,0
DA:399,0
DA:402,0
DA:405,0
DA:408,0
DA:409,0
DA:411,0
DA:412,0
DA:415,0
DA:416,0
DA:417,0
DA:418,0
DA:423,0
DA:431,0
DA:432,0
DA:439,0
DA:440,0
DA:451,0
DA:459,0
DA:460,0
DA:461,0
DA:462,0
DA:463,0
DA:468,0
DA:469,0
DA:472,0
DA:473,0
DA:474,0
DA:482,0
DA:483,0
DA:496,0
DA:506,0
DA:507,0
DA:519,0
DA:521,0
DA:522,0
DA:525,0
DA:527,0
DA:528,0
DA:530,0
DA:531,0
DA:534,0
DA:535,0
DA:536,0
DA:543,0
DA:544,0
DA:545,0
DA:548,0
DA:549,0
DA:552,0
DA:555,0
DA:557,0
DA:558,0
DA:566,0
DA:576,0
DA:584,0
DA:594,0
DA:601,0
DA:611,0
DA:618,0
DA:628,0
DA:635,0
DA:645,0
DA:652,0
DA:662,0
DA:665,0
DA:673,0
DA:679,0
DA:685,0
DA:686,0
DA:687,0
DA:688,0
DA:692,0
DA:696,0
DA:699,0
DA:700,0
DA:703,0
DA:705,0
DA:706,0
DA:707,0
DA:709,0
DA:714,0
DA:715,0
DA:719,0
DA:725,0
DA:732,0
DA:733,0
DA:736,0
DA:745,0
DA:747,0
DA:749,0
DA:750,0
DA:753,0
DA:757,0
DA:758,0
DA:763,0
DA:764,0
DA:765,0
DA:766,0
DA:767,0
DA:768,0
DA:774,0
DA:775,0
DA:776,0
DA:777,0
DA:778,0
DA:779,0
DA:785,0
DA:786,0
DA:787,0
DA:788,0
DA:789,0
DA:790,0
DA:796,0
DA:797,0
DA:798,0
DA:799,0
DA:800,0
DA:801,0
DA:807,0
DA:808,0
DA:809,0
DA:813,0
DA:814,0
DA:815,0
DA:819,0
DA:823,0
DA:827,1
DA:832,1
LF:263
LH:15
BRDA:135,0,0,0
BRDA:135,0,1,0
BRDA:159,1,0,0
BRDA:159,1,1,0
BRDA:161,2,0,0
BRDA:161,2,1,0
BRDA:165,3,0,0
BRDA:165,3,1,0
BRDA:169,4,0,0
BRDA:169,4,1,0
BRDA:173,5,0,0
BRDA:173,5,1,0
BRDA:177,6,0,0
BRDA:177,6,1,0
BRDA:179,7,0,0
BRDA:179,7,1,0
BRDA:213,8,0,0
BRDA:213,8,1,0
BRDA:431,9,0,0
BRDA:431,9,1,0
BRDA:521,10,0,0
BRDA:521,10,1,0
BRDA:530,11,0,0
BRDA:530,11,1,0
BRDA:543,12,0,0
BRDA:543,12,1,0
BRDA:714,13,0,0
BRDA:714,13,1,0
BRDA:732,14,0,0
BRDA:732,14,1,0
BRDA:736,15,0,0
BRDA:736,15,1,0
BRDA:749,16,0,0
BRDA:749,16,1,0
BRDA:232,17,0,0
BRDA:232,17,1,0
BRDA:234,18,0,0
BRDA:234,18,1,0
BRDA:241,19,0,0
BRDA:241,19,1,0
BRDA:259,20,0,0
BRDA:259,20,1,0
BRDA:268,21,0,0
BRDA:268,21,1,0
BRDA:277,22,0,0
BRDA:277,22,1,0
BRDA:286,23,0,0
BRDA:286,23,1,0
BRDA:286,24,0,0
BRDA:286,24,1,0
BRDA:291,25,0,0
BRDA:291,25,1,0
BRDA:299,26,0,0
BRDA:299,26,1,0
BRDA:303,27,0,0
BRDA:303,27,1,0
BRDA:313,28,0,0
BRDA:313,28,1,0
BRDA:313,29,0,0
BRDA:313,29,1,0
BRDA:346,30,0,0
BRDA:346,30,1,0
BRDA:351,31,0,0
BRDA:351,31,1,0
BRDA:360,32,0,0
BRDA:360,32,1,0
BRDA:379,33,0,0
BRDA:379,33,1,0
BRDA:384,34,0,0
BRDA:384,34,1,0
BRDA:393,35,0,0
BRDA:393,35,1,0
BRDA:393,36,0,0
BRDA:393,36,1,0
BRDA:393,36,2,0
BRDA:396,37,0,0
BRDA:396,37,1,0
BRDA:408,38,0,0
BRDA:408,38,1,0
BRDA:408,39,0,0
BRDA:408,39,1,0
BRDA:412,40,0,0
BRDA:412,40,1,0
BRDA:459,41,0,0
BRDA:459,41,1,0
BRDA:461,42,0,0
BRDA:461,42,1,0
BRDA:468,43,0,0
BRDA:468,43,1,0
BRDA:468,44,0,0
BRDA:468,44,1,0
BRDA:555,45,0,0
BRDA:555,45,1,0
BRDA:698,46,0,0
BRDA:699,47,0,0
BRDA:699,47,1,0
BRDA:699,48,0,0
BRDA:699,48,1,0
BRDA:699,48,2,0
BRDA:707,49,0,0
BRDA:707,49,1,0
BRF:101
BRH:0
end_of_record
TN:
SF:lib\client\multi-command.ts
FN:68,(anonymous_2)
FN:89,(anonymous_3)
FN:139,(anonymous_4)
FN:146,(anonymous_5)
FN:153,(anonymous_6)
FN:158,(anonymous_7)
FN:163,(anonymous_8)
FN:168,(anonymous_9)
FN:184,(anonymous_10)
FN:98,(anonymous_12)
FN:103,(anonymous_13)
FN:105,(anonymous_14)
FN:110,(anonymous_15)
FN:124,_RedisClientMultiCommand_defineLegacyCommand
FN:129,(anonymous_17)
FN:136,(anonymous_18)
FNF:16
FNH:0
FNDA:0,(anonymous_2)
FNDA:0,(anonymous_3)
FNDA:0,(anonymous_4)
FNDA:0,(anonymous_5)
FNDA:0,(anonymous_6)
FNDA:0,(anonymous_7)
FNDA:0,(anonymous_8)
FNDA:0,(anonymous_9)
FNDA:0,(anonymous_10)
FNDA:0,(anonymous_12)
FNDA:0,(anonymous_13)
FNDA:0,(anonymous_14)
FNDA:0,(anonymous_15)
FNDA:0,_RedisClientMultiCommand_defineLegacyCommand
FNDA:0,(anonymous_17)
FNDA:0,(anonymous_18)
DA:1,1
DA:3,1
DA:4,1
DA:67,1
DA:73,0
DA:84,0
DA:85,0
DA:86,0
DA:87,0
DA:90,0
DA:91,0
DA:92,0
DA:97,0
DA:98,0
DA:99,0
DA:100,0
DA:102,0
DA:103,0
DA:104,0
DA:106,0
DA:108,0
DA:111,0
DA:113,0
DA:116,0
DA:120,0
DA:121,0
DA:122,0
DA:127,0
DA:128,0
DA:130,0
DA:134,0
DA:136,0
DA:140,0
DA:147,0
DA:148,0
DA:151,0
DA:154,0
DA:155,0
DA:159,0
DA:160,0
DA:164,0
DA:165,0
DA:169,0
DA:170,0
DA:173,0
DA:182,0
DA:185,0
DA:187,0
DA:196,1
LF:49
LH:5
BRDA:89,0,0,0
BRDA:91,1,0,0
BRDA:91,1,1,0
BRDA:168,2,0,0
BRDA:169,3,0,0
BRDA:169,3,1,0
BRDA:185,4,0,0
BRDA:185,4,1,0
BRDA:106,5,0,0
BRDA:106,5,1,0
BRDA:111,6,0,0
BRDA:111,6,1,0
BRDA:122,7,0,0
BRDA:122,7,1,0
BRDA:128,8,0,0
BRDA:128,8,1,0
BRDA:128,9,0,0
BRDA:128,9,1,0
BRDA:128,9,2,0
BRF:19
BRH:0
end_of_record
TN:
SF:lib\client\pub-sub.ts
FN:3,(anonymous_2)
FN:47,(anonymous_3)
FN:48,(anonymous_4)
FN:58,(anonymous_5)
FN:77,(anonymous_6)
FN:87,(anonymous_7)
FN:118,(anonymous_8)
FN:134,(anonymous_9)
FN:141,(anonymous_10)
FN:156,(anonymous_11)
FN:157,(anonymous_12)
FN:186,(anonymous_13)
FN:201,(anonymous_14)
FN:202,(anonymous_15)
FN:209,(anonymous_16)
FN:222,(anonymous_17)
FN:231,(anonymous_18)
FN:276,(anonymous_19)
FN:315,(anonymous_20)
FN:320,(anonymous_21)
FN:327,(anonymous_22)
FN:342,(anonymous_23)
FN:370,(anonymous_24)
FN:405,(anonymous_25)
FN:62,_PubSub_channelsArray
FN:64,_PubSub_listenersSet
FN:71,_PubSub_extendChannelListeners
FN:184,_PubSub_unsubscribeCommand
FN:298,(anonymous_30)
FN:304,_PubSub_updateIsActive
FN:313,_PubSub_emitPubSubMessage
FN:398,(anonymous_33)
FNF:32
FNH:15
FNDA:1,(anonymous_2)
FNDA:10,(anonymous_3)
FNDA:0,(anonymous_4)
FNDA:0,(anonymous_5)
FNDA:17,(anonymous_6)
FNDA:11,(anonymous_7)
FNDA:7,(anonymous_8)
FNDA:1,(anonymous_9)
FNDA:0,(anonymous_10)
FNDA:0,(anonymous_11)
FNDA:0,(anonymous_12)
FNDA:0,(anonymous_13)
FNDA:0,(anonymous_14)
FNDA:0,(anonymous_15)
FNDA:7,(anonymous_16)
FNDA:1,(anonymous_17)
FNDA:2,(anonymous_18)
FNDA:1,(anonymous_19)
FNDA:0,(anonymous_20)
FNDA:0,(anonymous_21)
FNDA:0,(anonymous_22)
FNDA:0,(anonymous_23)
FNDA:0,(anonymous_24)
FNDA:0,(anonymous_25)
FNDA:17,_PubSub_channelsArray
FNDA:11,_PubSub_listenersSet
FNDA:0,_PubSub_extendChannelListeners
FNDA:5,_PubSub_unsubscribeCommand
FNDA:4,(anonymous_30)
FNDA:5,_PubSub_updateIsActive
FNDA:0,_PubSub_emitPubSubMessage
FNDA:0,(anonymous_33)
DA:3,1
DA:4,1
DA:5,1
DA:6,1
DA:9,1
DA:47,1
DA:49,0
DA:59,0
DA:62,1
DA:63,17
DA:70,11
DA:73,10
DA:75,10
DA:78,17
DA:81,10
DA:93,11
DA:94,11
DA:95,11
DA:96,11
DA:97,11
DA:98,9
DA:102,11
DA:104,2
DA:105,2
DA:110,2
DA:113,9
DA:114,9
DA:115,9
DA:119,7
DA:120,7
DA:121,7
DA:122,7
DA:123,7
DA:128,7
DA:131,7
DA:135,1
DA:136,1
DA:146,0
DA:148,0
DA:149,0
DA:150,0
DA:156,0
DA:158,0
DA:159,0
DA:169,0
DA:170,0
DA:171,0
DA:172,0
DA:175,0
DA:176,0
DA:179,0
DA:180,0
DA:183,0
DA:187,0
DA:188,0
DA:189,0
DA:190,0
DA:194,0
DA:196,0
DA:197,0
DA:198,0
DA:201,0
DA:203,0
DA:204,0
DA:215,7
DA:216,7
DA:217,1
DA:222,1
DA:226,6
DA:227,6
DA:228,2
DA:232,2
DA:233,2
DA:239,4
DA:240,4
DA:241,4
DA:242,4
DA:245,3
DA:246,0
DA:247,0
DA:249,3
DA:250,3
DA:253,3
DA:254,3
DA:255,1
DA:258,2
DA:261,4
DA:264,2
DA:265,2
DA:270,2
DA:273,2
DA:277,1
DA:278,1
DA:279,1
DA:281,1
DA:282,1
DA:283,1
DA:295,5
DA:299,4
DA:300,4
DA:307,5
DA:316,0
DA:317,0
DA:321,0
DA:322,0
DA:323,0
DA:325,0
DA:326,0
DA:327,0
DA:328,0
DA:339,0
DA:343,0
DA:344,0
DA:349,0
DA:350,0
DA:351,0
DA:357,0
DA:358,0
DA:359,0
DA:364,0
DA:367,0
DA:371,0
DA:372,0
DA:373,0
DA:374,0
DA:383,0
DA:384,0
DA:386,0
DA:388,0
DA:389,0
DA:392,0
DA:394,0
DA:395,0
DA:398,0
DA:400,0
DA:401,0
DA:406,0
LF:137
LH:70
BRDA:3,0,0,1
BRDA:3,0,1,1
BRDA:50,1,0,0
BRDA:50,1,1,0
BRDA:50,1,2,0
BRDA:50,1,3,0
BRDA:50,1,4,0
BRDA:97,2,0,9
BRDA:97,2,1,2
BRDA:97,3,0,11
BRDA:97,3,1,2
BRDA:102,4,0,2
BRDA:102,4,1,9
BRDA:122,5,0,7
BRDA:122,5,1,0
BRDA:146,6,0,0
BRDA:146,6,1,0
BRDA:189,7,0,0
BRDA:189,7,1,0
BRDA:194,8,0,0
BRDA:194,8,1,0
BRDA:216,9,0,1
BRDA:216,9,1,6
BRDA:227,10,0,2
BRDA:227,10,1,4
BRDA:242,11,0,3
BRDA:242,11,1,1
BRDA:245,12,0,0
BRDA:245,12,1,3
BRDA:253,13,0,2
BRDA:253,13,1,1
BRDA:254,14,0,2
BRDA:254,14,1,1
BRDA:254,15,0,3
BRDA:254,15,1,1
BRDA:261,16,0,2
BRDA:261,16,1,2
BRDA:279,17,0,0
BRDA:279,17,1,1
BRDA:281,18,0,0
BRDA:281,18,1,1
BRDA:282,19,0,1
BRDA:282,19,1,0
BRDA:282,20,0,1
BRDA:282,20,1,1
BRDA:323,21,0,0
BRDA:323,21,1,0
BRDA:343,22,0,0
BRDA:343,22,1,0
BRDA:350,23,0,0
BRDA:350,23,1,0
BRDA:358,24,0,0
BRDA:358,24,1,0
BRDA:63,25,0,0
BRDA:63,25,1,17
BRDA:70,26,0,0
BRDA:70,26,1,11
BRDA:170,27,0,0
BRDA:170,27,1,0
BRDA:308,28,0,5
BRDA:308,28,1,5
BRDA:308,28,2,5
BRDA:308,28,3,5
BRDA:383,29,0,0
BRDA:383,29,1,0
BRDA:386,30,0,0
BRDA:386,30,1,0
BRDA:392,31,0,0
BRDA:392,31,1,0
BRDA:394,32,0,0
BRDA:394,32,1,0
BRDA:395,33,0,0
BRDA:395,33,1,0
BRDA:398,34,0,0
BRDA:398,34,1,0
BRF:75
BRH:35
end_of_record
TN:
SF:lib\client\socket.ts
FN:75,(anonymous_2)
FN:81,(anonymous_3)
FN:89,(anonymous_4)
FN:95,(anonymous_5)
FN:138,(anonymous_6)
FN:243,(anonymous_7)
FN:253,(anonymous_8)
FN:273,(anonymous_9)
FN:286,(anonymous_10)
FN:294,(anonymous_11)
FN:300,(anonymous_12)
FN:305,(anonymous_13)
FN:49,_RedisSocket_initiateOptions
FN:61,_RedisSocket_isTlsSocket
FN:65,_RedisSocket_reconnectStrategy
FN:121,_RedisSocket_shouldReconnect
FN:147,_RedisSocket_connect
FN:175,_RedisSocket_createSocket
FN:178,(anonymous_20)
FN:184,(anonymous_21)
FN:194,(anonymous_22)
FN:200,(anonymous_23)
FN:201,(anonymous_24)
FN:206,(anonymous_25)
FN:210,(anonymous_26)
FN:215,_RedisSocket_createNetSocket
FN:222,_RedisSocket_createTlsSocket
FN:229,_RedisSocket_onSocketError
FN:238,(anonymous_30)
FN:241,_RedisSocket_disconnect
FNF:30
FNH:15
FNDA:5,(anonymous_2)
FNDA:1,(anonymous_3)
FNDA:0,(anonymous_4)
FNDA:4,(anonymous_5)
FNDA:4,(anonymous_6)
FNDA:0,(anonymous_7)
FNDA:1,(anonymous_8)
FNDA:0,(anonymous_9)
FNDA:0,(anonymous_10)
FNDA:0,(anonymous_11)
FNDA:0,(anonymous_12)
FNDA:0,(anonymous_13)
FNDA:4,_RedisSocket_initiateOptions
FNDA:8,_RedisSocket_isTlsSocket
FNDA:8,_RedisSocket_reconnectStrategy
FNDA:8,_RedisSocket_shouldReconnect
FNDA:4,_RedisSocket_connect
FNDA:8,_RedisSocket_createSocket
FNDA:8,(anonymous_20)
FNDA:8,(anonymous_21)
FNDA:0,(anonymous_22)
FNDA:0,(anonymous_23)
FNDA:0,(anonymous_24)
FNDA:0,(anonymous_25)
FNDA:0,(anonymous_26)
FNDA:8,_RedisSocket_createNetSocket
FNDA:0,_RedisSocket_createTlsSocket
FNDA:0,_RedisSocket_onSocketError
FNDA:0,(anonymous_30)
FNDA:1,_RedisSocket_disconnect
DA:1,1
DA:2,1
DA:3,1
DA:5,1
DA:6,1
DA:48,1
DA:49,1
DA:50,4
DA:51,4
DA:52,4
DA:53,4
DA:56,4
DA:57,4
DA:58,4
DA:60,4
DA:64,8
DA:67,4
DA:69,4
DA:71,4
DA:73,4
DA:76,5
DA:79,4
DA:82,1
DA:87,4
DA:90,0
DA:93,4
DA:96,4
DA:98,4
DA:99,4
DA:103,8
DA:104,1
DA:105,7
DA:106,1
DA:107,6
DA:108,6
DA:109,6
DA:110,5
DA:111,0
DA:114,5
DA:116,1
DA:120,1
DA:124,8
DA:125,8
DA:126,1
DA:127,1
DA:128,1
DA:129,7
DA:130,2
DA:131,2
DA:132,2
DA:135,5
DA:139,4
DA:140,0
DA:143,4
DA:144,4
DA:148,4
DA:149,4
DA:150,8
DA:151,8
DA:152,0
DA:153,0
DA:155,0
DA:156,0
DA:158,0
DA:159,0
DA:160,0
DA:162,0
DA:163,0
DA:165,8
DA:166,8
DA:167,3
DA:170,5
DA:171,5
DA:172,5
DA:178,8
DA:179,8
DA:183,8
DA:184,8
DA:187,8
DA:188,0
DA:191,8
DA:195,0
DA:200,0
DA:202,0
DA:203,0
DA:207,0
DA:208,0
DA:210,0
DA:212,0
DA:218,8
DA:225,0
DA:232,0
DA:233,0
DA:235,0
DA:237,0
DA:238,0
DA:244,0
DA:245,0
DA:248,0
DA:249,0
DA:254,1
DA:255,0
DA:258,1
DA:259,1
DA:263,1
DA:265,1
DA:266,0
DA:267,0
DA:270,1
DA:274,0
DA:275,0
DA:278,0
DA:279,0
DA:280,0
DA:281,0
DA:284,4
DA:287,0
DA:288,0
DA:291,0
DA:292,0
DA:294,0
DA:295,0
DA:296,0
DA:301,0
DA:302,0
DA:306,0
DA:307,0
LF:127
LH:76
BRDA:139,0,0,0
BRDA:139,0,1,4
BRDA:244,1,0,0
BRDA:244,1,1,0
BRDA:254,2,0,0
BRDA:254,2,1,1
BRDA:274,3,0,0
BRDA:274,3,1,0
BRDA:287,4,0,0
BRDA:287,4,1,0
BRDA:287,5,0,0
BRDA:287,5,1,0
BRDA:50,6,0,4
BRDA:50,6,1,0
BRDA:51,7,0,4
BRDA:51,7,1,0
BRDA:52,8,0,4
BRDA:52,8,1,4
BRDA:53,9,0,4
BRDA:53,9,1,0
BRDA:56,10,0,4
BRDA:56,10,1,0
BRDA:57,11,0,4
BRDA:57,11,1,4
BRDA:58,12,0,4
BRDA:58,12,1,4
BRDA:103,13,0,1
BRDA:103,13,1,7
BRDA:105,14,0,1
BRDA:105,14,1,6
BRDA:107,15,0,6
BRDA:107,15,1,0
BRDA:110,16,0,0
BRDA:110,16,1,5
BRDA:110,17,0,5
BRDA:110,17,1,5
BRDA:110,17,2,3
BRDA:125,18,0,1
BRDA:125,18,1,7
BRDA:129,19,0,2
BRDA:129,19,1,5
BRDA:174,20,0,5
BRDA:174,20,1,4
BRDA:166,21,0,3
BRDA:166,21,1,5
BRDA:179,22,0,0
BRDA:179,22,1,8
BRDA:183,23,0,8
BRDA:183,23,1,0
BRDA:187,24,0,0
BRDA:187,24,1,8
BRDA:198,25,0,0
BRDA:198,25,1,0
BRDA:202,26,0,0
BRDA:202,26,1,0
BRDA:202,27,0,0
BRDA:202,27,1,0
BRDA:202,27,2,0
BRDA:235,28,0,0
BRDA:235,28,1,0
BRDA:235,29,0,0
BRDA:235,29,1,0
BRDA:265,30,0,0
BRDA:265,30,1,1
BRF:64
BRH:33
end_of_record
TN:
SF:lib\client\RESP2\decoder.ts
FN:9,(anonymous_0)
FN:17,(anonymous_1)
FN:42,(anonymous_2)
FN:54,(anonymous_3)
FN:62,(anonymous_4)
FN:83,(anonymous_5)
FN:102,(anonymous_6)
FN:124,(anonymous_7)
FN:128,(anonymous_8)
FN:139,(anonymous_9)
FN:161,(anonymous_10)
FN:194,(anonymous_11)
FN:238,(anonymous_12)
FN:244,(anonymous_13)
FNF:14
FNH:13
FNDA:1,(anonymous_0)
FNDA:1,(anonymous_1)
FNDA:22,(anonymous_2)
FNDA:0,(anonymous_3)
FNDA:122,(anonymous_4)
FNDA:118,(anonymous_5)
FNDA:31,(anonymous_6)
FNDA:16,(anonymous_7)
FNDA:15,(anonymous_8)
FNDA:45,(anonymous_9)
FNDA:22,(anonymous_10)
FNDA:52,(anonymous_11)
FNDA:10,(anonymous_12)
FNDA:20,(anonymous_13)
DA:1,1
DA:3,1
DA:4,1
DA:9,1
DA:10,1
DA:11,1
DA:12,1
DA:13,1
DA:14,1
DA:17,1
DA:18,1
DA:19,1
DA:20,1
DA:41,1
DA:42,22
DA:44,22
DA:46,22
DA:48,22
DA:50,22
DA:52,22
DA:55,0
DA:56,0
DA:57,0
DA:58,0
DA:59,0
DA:63,122
DA:64,93
DA:65,22
DA:69,22
DA:70,22
DA:73,82
DA:74,82
DA:76,22
DA:77,22
DA:80,122
DA:84,118
DA:86,16
DA:89,15
DA:92,13
DA:95,22
DA:98,52
DA:109,31
DA:110,48
DA:111,14
DA:114,14
DA:115,14
DA:119,17
DA:120,17
DA:121,17
DA:125,16
DA:129,15
DA:130,15
DA:131,6
DA:135,22
DA:137,22
DA:140,45
DA:141,28
DA:142,28
DA:145,42
DA:146,56
DA:147,56
DA:148,28
DA:149,28
DA:150,28
DA:151,28
DA:152,28
DA:155,28
DA:159,22
DA:162,22
DA:163,16
DA:164,16
DA:165,10
DA:167,8
DA:169,8
DA:172,10
DA:173,10
DA:174,8
DA:177,8
DA:178,8
DA:179,8
DA:182,2
DA:183,2
DA:184,2
DA:185,2
DA:188,22
DA:190,22
DA:192,22
DA:195,52
DA:196,16
DA:197,16
DA:198,6
DA:199,6
DA:202,10
DA:203,10
DA:205,10
DA:206,2
DA:207,8
DA:208,4
DA:211,4
DA:217,40
DA:218,46
DA:219,20
DA:221,20
DA:224,36
DA:229,36
DA:231,18
DA:233,18
DA:234,18
DA:239,10
DA:241,2
DA:245,20
DA:246,20
DA:247,20
DA:248,4
DA:253,16
DA:254,0
LF:116
LH:110
BRDA:9,0,0,1
BRDA:9,0,1,1
BRDA:17,1,0,1
BRDA:17,1,1,1
BRDA:64,2,0,22
BRDA:64,2,1,71
BRDA:65,3,0,6
BRDA:65,3,1,16
BRDA:70,4,0,11
BRDA:70,4,1,11
BRDA:74,5,0,60
BRDA:74,5,1,22
BRDA:84,6,0,16
BRDA:84,6,1,15
BRDA:84,6,2,13
BRDA:84,6,3,22
BRDA:84,6,4,52
BRDA:110,7,0,14
BRDA:110,7,1,34
BRDA:130,8,0,6
BRDA:130,8,1,9
BRDA:140,9,0,28
BRDA:140,9,1,17
BRDA:142,10,0,3
BRDA:142,10,1,25
BRDA:142,11,0,28
BRDA:142,11,1,6
BRDA:147,12,0,28
BRDA:147,12,1,28
BRDA:148,13,0,6
BRDA:148,13,1,22
BRDA:162,14,0,16
BRDA:162,14,1,6
BRDA:164,15,0,6
BRDA:164,15,1,10
BRDA:165,16,0,2
BRDA:165,16,1,8
BRDA:169,17,0,4
BRDA:169,17,1,4
BRDA:173,18,0,8
BRDA:173,18,1,2
BRDA:194,19,0,48
BRDA:195,20,0,16
BRDA:195,20,1,36
BRDA:195,21,0,52
BRDA:195,21,1,46
BRDA:197,22,0,6
BRDA:197,22,1,10
BRDA:205,23,0,2
BRDA:205,23,1,8
BRDA:207,24,0,4
BRDA:207,24,1,4
BRDA:218,25,0,20
BRDA:218,25,1,26
BRDA:221,26,0,10
BRDA:221,26,1,10
BRDA:229,27,0,18
BRDA:229,27,1,18
BRDA:234,28,0,2
BRDA:234,28,1,16
BRDA:239,29,0,8
BRDA:239,29,1,2
BRDA:247,30,0,4
BRDA:247,30,1,16
BRDA:253,31,0,0
BRDA:253,31,1,16
BRDA:253,32,0,16
BRDA:253,32,1,0
BRF:68
BRH:66
end_of_record
TN:
SF:lib\client\RESP2\encoder.ts
FN:5,encodeCommand
FNF:1
FNH:1
FNDA:4,encodeCommand
DA:3,1
DA:5,1
DA:6,4
DA:8,4
DA:10,4
DA:11,7
DA:12,7
DA:13,6
DA:14,1
DA:15,1
DA:19,1
DA:21,0
DA:25,4
DA:27,4
LF:14
LH:13
BRDA:12,0,0,6
BRDA:12,0,1,1
BRDA:14,1,0,1
BRDA:14,1,1,0
BRF:4
BRH:3
end_of_record
TN:
SF:lib\client\RESP2\composers\buffer.ts
FN:3,(anonymous_0)
FN:6,(anonymous_1)
FN:10,(anonymous_2)
FN:15,(anonymous_3)
FNF:4
FNH:3
FNDA:23,(anonymous_0)
FNDA:15,(anonymous_1)
FNDA:9,(anonymous_2)
FNDA:0,(anonymous_3)
DA:3,1
DA:4,23
DA:7,15
DA:11,9
DA:12,9
DA:16,0
LF:6
LH:5
BRF:0
BRH:0
end_of_record
TN:
SF:lib\client\RESP2\composers\string.ts
FN:4,(anonymous_0)
FN:9,(anonymous_1)
FN:13,(anonymous_2)
FN:19,(anonymous_3)
FNF:4
FNH:3
FNDA:23,(anonymous_0)
FNDA:15,(anonymous_1)
FNDA:15,(anonymous_2)
FNDA:0,(anonymous_3)
DA:1,1
DA:4,1
DA:5,23
DA:7,23
DA:10,15
DA:14,15
DA:15,15
DA:16,15
DA:20,0
LF:9
LH:8
BRF:0
BRH:0
end_of_record
TN:
SF:lib\cluster\cluster-slots.ts
FN:112,(anonymous_2)
FN:116,(anonymous_3)
FN:125,(anonymous_4)
FN:365,(anonymous_5)
FN:371,(anonymous_6)
FN:373,(anonymous_7)
FN:383,(anonymous_8)
FN:384,(anonymous_9)
FN:387,(anonymous_10)
FN:388,(anonymous_11)
FN:439,(anonymous_12)
FN:485,(anonymous_13)
FN:507,(anonymous_14)
FN:517,(anonymous_15)
FN:524,(anonymous_16)
FN:559,(anonymous_17)
FN:571,(anonymous_18)
FN:606,(anonymous_19)
FN:139,_RedisClusterSlots_discoverWithRootNodes
FN:150,_RedisClusterSlots_resetSlots
FN:160,_RedisClusterSlots_discover
FN:174,(anonymous_23)
FN:189,(anonymous_24)
FN:214,(anonymous_25)
FN:221,(anonymous_26)
FN:237,_RedisClusterSlots_getShards
FN:242,(anonymous_28)
FN:252,_RedisClusterSlots_getNodeAddress
FN:262,_RedisClusterSlots_clientOptionsDefaults
FN:296,_RedisClusterSlots_initiateSlotNode
FN:331,_RedisClusterSlots_createClient
FN:344,(anonymous_33)
FN:349,_RedisClusterSlots_createNodeClient
FN:353,(anonymous_35)
FN:357,(anonymous_36)
FN:377,_RedisClusterSlots_rediscover
FN:391,_RedisClusterSlots_destroy
FN:428,_RedisClusterSlots_execOnNodeClient
FN:455,_RedisClusterSlots_iterateAllNodes
FN:490,_RedisClusterSlots_slotNodesIterator
FN:530,_RedisClusterSlots_initiatePubSubClient
FN:539,(anonymous_43)
FN:550,(anonymous_44)
FN:557,_RedisClusterSlots_initiateShardedPubSubClient
FN:578,(anonymous_46)
FN:579,(anonymous_47)
FN:596,(anonymous_48)
FNF:47
FNH:0
FNDA:0,(anonymous_2)
FNDA:0,(anonymous_3)
FNDA:0,(anonymous_4)
FNDA:0,(anonymous_5)
FNDA:0,(anonymous_6)
FNDA:0,(anonymous_7)
FNDA:0,(anonymous_8)
FNDA:0,(anonymous_9)
FNDA:0,(anonymous_10)
FNDA:0,(anonymous_11)
FNDA:0,(anonymous_12)
FNDA:0,(anonymous_13)
FNDA:0,(anonymous_14)
FNDA:0,(anonymous_15)
FNDA:0,(anonymous_16)
FNDA:0,(anonymous_17)
FNDA:0,(anonymous_18)
FNDA:0,(anonymous_19)
FNDA:0,_RedisClusterSlots_discoverWithRootNodes
FNDA:0,_RedisClusterSlots_resetSlots
FNDA:0,_RedisClusterSlots_discover
FNDA:0,(anonymous_23)
FNDA:0,(anonymous_24)
FNDA:0,(anonymous_25)
FNDA:0,(anonymous_26)
FNDA:0,_RedisClusterSlots_getShards
FNDA:0,(anonymous_28)
FNDA:0,_RedisClusterSlots_getNodeAddress
FNDA:0,_RedisClusterSlots_clientOptionsDefaults
FNDA:0,_RedisClusterSlots_initiateSlotNode
FNDA:0,_RedisClusterSlots_createClient
FNDA:0,(anonymous_33)
FNDA:0,_RedisClusterSlots_createNodeClient
FNDA:0,(anonymous_35)
FNDA:0,(anonymous_36)
FNDA:0,_RedisClusterSlots_rediscover
FNDA:0,_RedisClusterSlots_destroy
FNDA:0,_RedisClusterSlots_execOnNodeClient
FNDA:0,_RedisClusterSlots_iterateAllNodes
FNDA:0,_RedisClusterSlots_slotNodesIterator
FNDA:0,_RedisClusterSlots_initiatePubSubClient
FNDA:0,(anonymous_43)
FNDA:0,(anonymous_44)
FNDA:0,_RedisClusterSlots_initiateShardedPubSubClient
FNDA:0,(anonymous_46)
FNDA:0,(anonymous_47)
FNDA:0,(anonymous_48)
DA:1,1
DA:4,1
DA:6,1
DA:7,1
DA:13,1
DA:93,1
DA:98,1
DA:100,0
DA:101,0
DA:102,0
DA:103,0
DA:104,0
DA:105,0
DA:106,0
DA:107,0
DA:108,0
DA:110,0
DA:113,0
DA:120,0
DA:121,0
DA:122,0
DA:126,0
DA:127,0
DA:130,0
DA:131,0
DA:132,0
DA:134,0
DA:135,0
DA:139,1
DA:140,0
DA:141,0
DA:142,0
DA:145,0
DA:146,0
DA:149,0
DA:153,0
DA:154,0
DA:155,0
DA:156,0
DA:157,0
DA:161,0
DA:162,0
DA:164,0
DA:165,0
DA:166,0
DA:167,0
DA:168,0
DA:169,0
DA:173,0
DA:174,0
DA:175,0
DA:179,0
DA:181,0
DA:182,0
DA:186,0
DA:187,0
DA:188,0
DA:189,0
DA:191,0
DA:193,0
DA:195,0
DA:196,0
DA:198,0
DA:199,0
DA:209,0
DA:210,0
DA:212,0
DA:213,0
DA:214,0
DA:218,0
DA:219,0
DA:220,0
DA:221,0
DA:225,0
DA:228,0
DA:230,0
DA:232,0
DA:233,0
DA:238,0
DA:242,0
DA:244,0
DA:246,0
DA:248,0
DA:250,0
DA:255,0
DA:257,0
DA:260,0
DA:269,0
DA:271,0
DA:272,0
DA:277,0
DA:280,0
DA:286,0
DA:289,0
DA:290,0
DA:291,0
DA:292,0
DA:295,0
DA:305,0
DA:306,0
DA:308,0
DA:309,0
DA:310,0
DA:319,0
DA:320,0
DA:323,0
DA:326,0
DA:328,0
DA:335,0
DA:344,0
DA:346,0
DA:348,0
DA:352,0
DA:354,0
DA:355,0
DA:358,0
DA:359,0
DA:361,0
DA:362,0
DA:366,0
DA:369,0
DA:372,0
DA:373,0
DA:374,0
DA:378,0
DA:380,0
DA:384,0
DA:388,0
DA:392,0
DA:394,0
DA:395,0
DA:396,0
DA:397,0
DA:402,0
DA:403,0
DA:408,0
DA:409,0
DA:410,0
DA:411,0
DA:419,0
DA:420,0
DA:421,0
DA:424,0
DA:425,0
DA:427,0
DA:434,0
DA:443,0
DA:444,0
DA:447,0
DA:448,0
DA:449,0
DA:452,0
DA:456,0
DA:457,0
DA:458,0
DA:459,0
DA:462,0
DA:463,0
DA:466,0
DA:467,0
DA:468,0
DA:472,0
DA:473,0
DA:474,0
DA:477,0
DA:478,0
DA:483,0
DA:486,0
DA:487,0
DA:491,0
DA:492,0
DA:493,0
DA:494,0
DA:498,0
DA:499,0
DA:501,0
DA:502,0
DA:508,0
DA:509,0
DA:510,0
DA:513,0
DA:514,0
DA:518,0
DA:519,0
DA:521,0
DA:525,0
DA:531,0
DA:532,0
DA:536,0
DA:540,0
DA:541,0
DA:547,0
DA:548,0
DA:551,0
DA:552,0
DA:556,0
DA:562,0
DA:563,0
DA:565,0
DA:566,0
DA:567,0
DA:572,0
DA:573,0
DA:577,0
DA:579,0
DA:580,0
DA:581,0
DA:582,0
DA:583,0
DA:589,0
DA:593,0
DA:594,0
DA:597,0
DA:598,0
DA:601,0
DA:603,0
DA:610,0
DA:611,0
DA:613,0
DA:614,0
DA:616,0
DA:617,0
DA:618,0
LF:223
LH:8
BRDA:126,0,0,0
BRDA:126,0,1,0
BRDA:366,1,0,0
BRDA:366,1,1,0
BRDA:372,2,0,0
BRDA:372,2,1,0
BRDA:443,3,0,0
BRDA:443,3,1,0
BRDA:448,4,0,0
BRDA:448,4,1,0
BRDA:486,5,0,0
BRDA:486,5,1,0
BRDA:509,6,0,0
BRDA:509,6,1,0
BRDA:513,7,0,0
BRDA:513,7,1,0
BRDA:519,8,0,0
BRDA:519,8,1,0
BRDA:525,9,0,0
BRDA:525,9,1,0
BRDA:565,10,0,0
BRDA:565,10,1,0
BRDA:573,11,0,0
BRDA:573,11,1,0
BRDA:611,12,0,0
BRDA:611,12,1,0
BRDA:616,13,0,0
BRDA:616,13,1,0
BRDA:142,14,0,0
BRDA:142,14,1,0
BRDA:146,15,0,0
BRDA:146,15,1,0
BRDA:173,16,0,0
BRDA:173,16,1,0
BRDA:186,17,0,0
BRDA:186,17,1,0
BRDA:186,18,0,0
BRDA:186,18,1,0
BRDA:187,19,0,0
BRDA:187,19,1,0
BRDA:198,20,0,0
BRDA:198,20,1,0
BRDA:198,21,0,0
BRDA:198,21,1,0
BRDA:210,22,0,0
BRDA:210,22,1,0
BRDA:212,23,0,0
BRDA:212,23,1,0
BRDA:219,24,0,0
BRDA:219,24,1,0
BRDA:255,25,0,0
BRDA:255,25,1,0
BRDA:269,26,0,0
BRDA:269,26,1,0
BRDA:271,27,0,0
BRDA:271,27,1,0
BRDA:272,28,0,0
BRDA:272,28,1,0
BRDA:289,29,0,0
BRDA:289,29,1,0
BRDA:290,30,0,0
BRDA:290,30,1,0
BRDA:291,31,0,0
BRDA:291,31,1,0
BRDA:309,32,0,0
BRDA:309,32,1,0
BRDA:319,33,0,0
BRDA:319,33,1,0
BRDA:326,34,0,0
BRDA:326,34,1,0
BRDA:333,35,0,0
BRDA:337,36,0,0
BRDA:337,36,1,0
BRDA:378,37,0,0
BRDA:378,37,1,0
BRDA:396,38,0,0
BRDA:396,38,1,0
BRDA:402,39,0,0
BRDA:402,39,1,0
BRDA:408,40,0,0
BRDA:408,40,1,0
BRDA:410,41,0,0
BRDA:410,41,1,0
BRDA:419,42,0,0
BRDA:419,42,1,0
BRDA:434,43,0,0
BRDA:434,43,1,0
BRDA:457,44,0,0
BRDA:457,44,1,0
BRDA:492,45,0,0
BRDA:492,45,1,0
BRDA:532,46,0,0
BRDA:532,46,1,0
BRDA:540,47,0,0
BRDA:540,47,1,0
BRF:95
BRH:0
end_of_record
TN:
SF:lib\cluster\commands.ts
FNF:0
FNH:0
DA:2,1
DA:3,1
DA:4,1
DA:5,1
DA:6,1
DA:7,1
DA:8,1
DA:9,1
DA:10,1
DA:11,1
DA:12,1
DA:13,1
DA:14,1
DA:15,1
DA:16,1
DA:17,1
DA:18,1
DA:19,1
DA:20,1
DA:21,1
DA:22,1
DA:23,1
DA:24,1
DA:25,1
DA:26,1
DA:27,1
DA:28,1
DA:29,1
DA:30,1
DA:31,1
DA:32,1
DA:33,1
DA:34,1
DA:35,1
DA:36,1
DA:37,1
DA:38,1
DA:39,1
DA:40,1
DA:41,1
DA:42,1
DA:43,1
DA:44,1
DA:45,1
DA:46,1
DA:47,1
DA:48,1
DA:49,1
DA:50,1
DA:51,1
DA:52,1
DA:53,1
DA:54,1
DA:55,1
DA:56,1
DA:57,1
DA:58,1
DA:59,1
DA:60,1
DA:61,1
DA:62,1
DA:63,1
DA:64,1
DA:65,1
DA:66,1
DA:67,1
DA:68,1
DA:69,1
DA:70,1
DA:71,1
DA:72,1
DA:73,1
DA:74,1
DA:75,1
DA:76,1
DA:77,1
DA:78,1
DA:79,1
DA:80,1
DA:81,1
DA:82,1
DA:83,1
DA:84,1
DA:85,1
DA:86,1
DA:87,1
DA:88,1
DA:89,1
DA:90,1
DA:91,1
DA:92,1
DA:93,1
DA:94,1
DA:95,1
DA:96,1
DA:97,1
DA:98,1
DA:99,1
DA:100,1
DA:101,1
DA:102,1
DA:103,1
DA:104,1
DA:105,1
DA:106,1
DA:107,1
DA:108,1
DA:109,1
DA:110,1
DA:111,1
DA:112,1
DA:113,1
DA:114,1
DA:115,1
DA:116,1
DA:117,1
DA:118,1
DA:119,1
DA:120,1
DA:121,1
DA:122,1
DA:123,1
DA:124,1
DA:125,1
DA:126,1
DA:127,1
DA:128,1
DA:129,1
DA:130,1
DA:131,1
DA:132,1
DA:133,1
DA:134,1
DA:135,1
DA:136,1
DA:137,1
DA:138,1
DA:139,1
DA:140,1
DA:141,1
DA:142,1
DA:143,1
DA:144,1
DA:145,1
DA:146,1
DA:147,1
DA:148,1
DA:149,1
DA:150,1
DA:151,1
DA:152,1
DA:153,1
DA:154,1
DA:155,1
DA:156,1
DA:157,1
DA:158,1
DA:159,1
DA:160,1
DA:161,1
DA:162,1
DA:163,1
DA:164,1
DA:165,1
DA:166,1
DA:167,1
DA:168,1
DA:169,1
DA:170,1
DA:171,1
DA:172,1
DA:173,1
DA:174,1
DA:175,1
DA:176,1
DA:177,1
DA:178,1
DA:179,1
DA:180,1
DA:181,1
DA:182,1
DA:183,1
DA:184,1
DA:185,1
DA:186,1
DA:187,1
DA:188,1
DA:189,1
DA:190,1
DA:191,1
DA:192,1
DA:193,1
DA:194,1
DA:195,1
DA:196,1
DA:197,1
DA:198,1
DA:199,1
DA:200,1
DA:201,1
DA:202,1
DA:203,1
DA:204,1
DA:205,1
DA:206,1
DA:207,1
DA:208,1
DA:209,1
DA:210,1
DA:211,1
DA:212,1
DA:214,1
LF:212
LH:212
BRF:0
BRH:0
end_of_record
TN:
SF:lib\cluster\index.ts
FN:68,(anonymous_2)
FN:82,(anonymous_3)
FN:102,(anonymous_4)
FN:106,(anonymous_5)
FN:110,(anonymous_6)
FN:114,(anonymous_7)
FN:118,(anonymous_8)
FN:122,(anonymous_9)
FN:128,(anonymous_10)
FN:132,(anonymous_11)
FN:140,(anonymous_12)
FN:147,(anonymous_13)
FN:151,(anonymous_14)
FN:168,(anonymous_15)
FN:177,(anonymous_16)
FN:181,(anonymous_17)
FN:200,(anonymous_18)
FN:210,(anonymous_19)
FN:214,(anonymous_20)
FN:228,(anonymous_21)
FN:237,(anonymous_22)
FN:282,(anonymous_23)
FN:284,(anonymous_24)
FN:288,(anonymous_25)
FN:297,(anonymous_26)
FN:308,(anonymous_27)
FN:313,(anonymous_28)
FN:320,(anonymous_29)
FN:331,(anonymous_30)
FN:336,(anonymous_31)
FN:343,(anonymous_32)
FN:372,(anonymous_33)
FN:379,(anonymous_34)
FN:385,(anonymous_35)
FN:389,(anonymous_36)
FN:393,(anonymous_37)
FN:397,(anonymous_38)
FN:401,(anonymous_39)
FN:408,(anonymous_40)
FN:415,(anonymous_41)
FN:241,_RedisCluster_execute
FNF:41
FNH:0
FNDA:0,(anonymous_2)
FNDA:0,(anonymous_3)
FNDA:0,(anonymous_4)
FNDA:0,(anonymous_5)
FNDA:0,(anonymous_6)
FNDA:0,(anonymous_7)
FNDA:0,(anonymous_8)
FNDA:0,(anonymous_9)
FNDA:0,(anonymous_10)
FNDA:0,(anonymous_11)
FNDA:0,(anonymous_12)
FNDA:0,(anonymous_13)
FNDA:0,(anonymous_14)
FNDA:0,(anonymous_15)
FNDA:0,(anonymous_16)
FNDA:0,(anonymous_17)
FNDA:0,(anonymous_18)
FNDA:0,(anonymous_19)
FNDA:0,(anonymous_20)
FNDA:0,(anonymous_21)
FNDA:0,(anonymous_22)
FNDA:0,(anonymous_23)
FNDA:0,(anonymous_24)
FNDA:0,(anonymous_25)
FNDA:0,(anonymous_26)
FNDA:0,(anonymous_27)
FNDA:0,(anonymous_28)
FNDA:0,(anonymous_29)
FNDA:0,(anonymous_30)
FNDA:0,(anonymous_31)
FNDA:0,(anonymous_32)
FNDA:0,(anonymous_33)
FNDA:0,(anonymous_34)
FNDA:0,(anonymous_35)
FNDA:0,(anonymous_36)
FNDA:0,(anonymous_37)
FNDA:0,(anonymous_38)
FNDA:0,(anonymous_39)
FNDA:0,(anonymous_40)
FNDA:0,(anonymous_41)
FNDA:0,_RedisCluster_execute
DA:1,1
DA:4,1
DA:5,1
DA:6,1
DA:7,1
DA:10,1
DA:63,1
DA:73,0
DA:74,0
DA:75,0
DA:76,0
DA:79,0
DA:87,0
DA:98,0
DA:100,0
DA:103,0
DA:107,0
DA:111,0
DA:115,0
DA:119,0
DA:123,0
DA:126,0
DA:129,0
DA:133,0
DA:135,0
DA:136,0
DA:137,0
DA:141,0
DA:148,0
DA:155,0
DA:156,0
DA:174,0
DA:177,0
DA:186,0
DA:187,0
DA:207,0
DA:210,0
DA:215,0
DA:216,0
DA:234,0
DA:237,0
DA:241,1
DA:246,0
DA:247,0
DA:248,0
DA:249,0
DA:250,0
DA:252,0
DA:253,0
DA:256,0
DA:257,0
DA:258,0
DA:259,0
DA:260,0
DA:261,0
DA:264,0
DA:265,0
DA:268,0
DA:269,0
DA:270,0
DA:271,0
DA:272,0
DA:273,0
DA:274,0
DA:277,0
DA:283,0
DA:285,0
DA:288,0
DA:295,0
DA:302,0
DA:306,0
DA:313,0
DA:314,0
DA:318,0
DA:325,0
DA:329,0
DA:336,0
DA:337,0
DA:341,0
DA:348,0
DA:349,0
DA:350,0
DA:351,0
DA:352,0
DA:353,0
DA:355,0
DA:356,0
DA:359,0
DA:360,0
DA:361,0
DA:362,0
DA:365,0
DA:370,0
DA:377,0
DA:379,0
DA:383,0
DA:386,0
DA:390,0
DA:394,0
DA:398,0
DA:402,0
DA:409,0
DA:416,0
DA:420,1
LF:104
LH:9
BRDA:73,0,0,0
BRDA:73,0,1,0
BRDA:75,1,0,0
BRDA:75,1,1,0
BRDA:348,2,0,0
BRDA:348,2,1,0
BRDA:349,3,0,0
BRDA:349,3,1,0
BRDA:355,4,0,0
BRDA:355,4,1,0
BRDA:355,5,0,0
BRDA:355,5,1,0
BRDA:359,6,0,0
BRDA:359,6,1,0
BRDA:378,7,0,0
BRDA:378,7,1,0
BRDA:246,8,0,0
BRDA:246,8,1,0
BRDA:252,9,0,0
BRDA:252,9,1,0
BRDA:252,10,0,0
BRDA:252,10,1,0
BRDA:256,11,0,0
BRDA:256,11,1,0
BRDA:259,12,0,0
BRDA:259,12,1,0
BRDA:264,13,0,0
BRDA:264,13,1,0
BRDA:271,14,0,0
BRDA:271,14,1,0
BRF:30
BRH:0
end_of_record
TN:
SF:lib\cluster\multi-command.ts
FN:69,(anonymous_2)
FN:85,(anonymous_3)
FN:90,(anonymous_4)
FN:96,(anonymous_5)
FN:106,(anonymous_6)
FN:112,(anonymous_7)
FN:118,(anonymous_8)
FN:130,(anonymous_9)
FNF:8
FNH:0
FNDA:0,(anonymous_2)
FNDA:0,(anonymous_3)
FNDA:0,(anonymous_4)
FNDA:0,(anonymous_5)
FNDA:0,(anonymous_6)
FNDA:0,(anonymous_7)
FNDA:0,(anonymous_8)
FNDA:0,(anonymous_9)
DA:1,1
DA:3,1
DA:4,1
DA:5,1
DA:64,1
DA:65,0
DA:66,0
DA:67,0
DA:74,0
DA:86,0
DA:87,0
DA:91,0
DA:92,0
DA:93,0
DA:101,0
DA:102,0
DA:103,0
DA:107,0
DA:108,0
DA:109,0
DA:113,0
DA:114,0
DA:115,0
DA:119,0
DA:120,0
DA:123,0
DA:128,0
DA:131,0
DA:137,1
LF:29
LH:6
BRDA:92,0,0,0
BRDA:92,0,1,0
BRDA:101,1,0,0
BRDA:101,1,1,0
BRDA:108,2,0,0
BRDA:108,2,1,0
BRDA:114,3,0,0
BRDA:114,3,1,0
BRDA:118,4,0,0
BRDA:119,5,0,0
BRDA:119,5,1,0
BRF:11
BRH:0
end_of_record
TN:
SF:lib\commands\ACL_CAT.ts
FN:3,transformArguments
FNF:1
FNH:1
FNDA:2,transformArguments
DA:3,1
DA:4,2
DA:6,2
DA:7,1
DA:10,2
LF:5
LH:5
BRDA:6,0,0,1
BRDA:6,0,1,1
BRF:2
BRH:2
end_of_record
TN:
SF:lib\commands\ACL_DELUSER.ts
FN:4,transformArguments
FNF:1
FNH:0
FNDA:0,transformArguments
DA:2,1
DA:4,1
DA:7,0
LF:3
LH:2
BRF:0
BRH:0
end_of_record
TN:
SF:lib\commands\ACL_DRYRUN.ts
FN:5,transformArguments
FNF:1
FNH:0
FNDA:0,transformArguments
DA:3,1
DA:5,1
DA:9,0
LF:3
LH:2
BRF:0
BRH:0
end_of_record
TN:
SF:lib\commands\ACL_GENPASS.ts
FN:3,transformArguments
FNF:1
FNH:1
FNDA:2,transformArguments
DA:3,1
DA:4,2
DA:6,2
DA:7,1
DA:10,2
LF:5
LH:5
BRDA:6,0,0,1
BRDA:6,0,1,1
BRF:2
BRH:2
end_of_record
TN:
SF:lib\commands\ACL_GETUSER.ts
FN:3,transformArguments
FN:31,transformReply
FNF:2
FNH:0
FNDA:0,transformArguments
FNDA:0,transformReply
DA:3,1
DA:4,0
DA:31,1
DA:32,0
LF:4
LH:2
BRF:0
BRH:0
end_of_record
TN:
SF:lib\commands\ACL_LIST.ts
FN:3,transformArguments
FNF:1
FNH:1
FNDA:1,transformArguments
DA:3,1
DA:4,1
LF:2
LH:2
BRF:0
BRH:0
end_of_record
TN:
SF:lib\commands\ACL_LOAD.ts
FN:3,transformArguments
FNF:1
FNH:1
FNDA:1,transformArguments
DA:3,1
DA:4,1
LF:2
LH:2
BRF:0
BRH:0
end_of_record
TN:
SF:lib\commands\ACL_LOG.ts
FN:3,transformArguments
FN:40,transformReply
FN:41,(anonymous_2)
FNF:3
FNH:3
FNDA:2,transformArguments
FNDA:1,transformReply
FNDA:1,(anonymous_2)
DA:3,1
DA:4,2
DA:6,2
DA:7,1
DA:10,2
DA:40,1
DA:41,1
LF:7
LH:7
BRDA:6,0,0,1
BRDA:6,0,1,1
BRF:2
BRH:2
end_of_record
TN:
SF:lib\commands\ACL_LOG_RESET.ts
FN:3,transformArguments
FNF:1
FNH:1
FNDA:1,transformArguments
DA:3,1
DA:4,1
LF:2
LH:2
BRF:0
BRH:0
end_of_record
TN:
SF:lib\commands\ACL_SAVE.ts
FN:3,transformArguments
FNF:1
FNH:1
FNDA:1,transformArguments
DA:3,1
DA:4,1
LF:2
LH:2
BRF:0
BRH:0
end_of_record
TN:
SF:lib\commands\ACL_SETUSER.ts
FN:4,transformArguments
FNF:1
FNH:1
FNDA:2,transformArguments
DA:2,1
DA:4,1
DA:8,2
LF:3
LH:3
BRF:0
BRH:0
end_of_record
TN:
SF:lib\commands\ACL_USERS.ts
FN:3,transformArguments
FNF:1
FNH:1
FNDA:1,transformArguments
DA:3,1
DA:4,1
LF:2
LH:2
BRF:0
BRH:0
end_of_record
TN:
SF:lib\commands\ACL_WHOAMI.ts
FN:3,transformArguments
FNF:1
FNH:1
FNDA:1,transformArguments
DA:3,1
DA:4,1
LF:2
LH:2
BRF:0
BRH:0
end_of_record
TN:
SF:lib\commands\APPEND.ts
FN:5,transformArguments
FNF:1
FNH:1
FNDA:1,transformArguments
DA:3,1
DA:5,1
DA:9,1
LF:3
LH:3
BRF:0
BRH:0
end_of_record
TN:
SF:lib\commands\ASKING.ts
FN:3,transformArguments
FNF:1
FNH:1
FNDA:1,transformArguments
DA:3,1
DA:4,1
LF:2
LH:2
BRF:0
BRH:0
end_of_record
TN:
SF:lib\commands\AUTH.ts
FN:8,transformArguments
FNF:1
FNH:1
FNDA:2,transformArguments
DA:8,1
DA:9,2
DA:10,1
DA:13,1
LF:4
LH:4
BRDA:9,0,0,1
BRDA:9,0,1,1
BRF:2
BRH:2
end_of_record
TN:
SF:lib\commands\BGREWRITEAOF.ts
FN:3,transformArguments
FNF:1
FNH:1
FNDA:1,transformArguments
DA:3,1
DA:4,1
LF:2
LH:2
BRF:0
BRH:0
end_of_record
TN:
SF:lib\commands\BGSAVE.ts
FN:7,transformArguments
FNF:1
FNH:1
FNDA:2,transformArguments
DA:7,1
DA:8,2
DA:10,2
DA:11,1
DA:14,2
LF:5
LH:5
BRDA:10,0,0,1
BRDA:10,0,1,1
BRF:2
BRH:2
end_of_record
TN:
SF:lib\commands\BITCOUNT.ts
FN:13,transformArguments
FNF:1
FNH:0
FNDA:0,transformArguments
DA:3,1
DA:5,1
DA:13,1
DA:17,0
DA:19,0
DA:20,0
DA:25,0
DA:26,0
DA:30,0
LF:9
LH:3
BRDA:19,0,0,0
BRDA:19,0,1,0
BRDA:25,1,0,0
BRDA:25,1,1,0
BRF:4
BRH:0
end_of_record
TN:
SF:lib\commands\BITFIELD.ts
FN:37,transformArguments
FNF:1
FNH:0
FNDA:0,transformArguments
DA:1,1
DA:37,1
DA:38,0
DA:40,0
DA:41,0
DA:43,0
DA:48,0
DA:51,0
DA:57,0
DA:60,0
DA:66,0
DA:69,0
DA:73,0
DA:77,0
LF:14
LH:2
BRDA:41,0,0,0
BRDA:41,0,1,0
BRDA:41,0,2,0
BRDA:41,0,3,0
BRF:4
BRH:0
end_of_record
TN:
SF:lib\commands\BITFIELD_RO.ts
FN:12,transformArguments
FNF:1
FNH:0
FNDA:0,transformArguments
DA:3,1
DA:5,1
DA:12,1
DA:13,0
DA:15,0
DA:16,0
DA:23,0
LF:7
LH:3
BRF:0
BRH:0
end_of_record
TN:
SF:lib\commands\BITOP.ts
FN:8,transformArguments
FNF:1
FNH:0
FNDA:0,transformArguments
DA:2,1
DA:4,1
DA:8,1
DA:13,0
LF:4
LH:3
BRF:0
BRH:0
end_of_record
TN:
SF:lib\commands\BITPOS.ts
FN:8,transformArguments
FNF:1
FNH:0
FNDA:0,transformArguments
DA:4,1
DA:6,1
DA:8,1
DA:15,0
DA:17,0
DA:18,0
DA:21,0
DA:22,0
DA:25,0
DA:26,0
DA:29,0
LF:11
LH:3
BRDA:17,0,0,0
BRDA:17,0,1,0
BRDA:21,1,0,0
BRDA:21,1,1,0
BRDA:25,2,0,0
BRDA:25,2,1,0
BRF:6
BRH:0
end_of_record
TN:
SF:lib\commands\BLMOVE.ts
FN:6,transformArguments
FNF:1
FNH:0
FNDA:0,transformArguments
DA:4,1
DA:6,1
DA:13,0
LF:3
LH:2
BRF:0
BRH:0
end_of_record
TN:
SF:lib\commands\BLMPOP.ts
FN:6,transformArguments
FN:20,(anonymous_1)
FNF:2
FNH:0
FNDA:0,transformArguments
FNDA:0,(anonymous_1)
DA:2,1
DA:4,1
DA:6,1
DA:12,0
DA:20,1
LF:5
LH:4
BRF:0
BRH:0
end_of_record
TN:
SF:lib\commands\BLPOP.ts
FN:6,transformArguments
FN:24,transformReply
FNF:2
FNH:0
FNDA:0,transformArguments
FNDA:0,transformReply
DA:2,1
DA:4,1
DA:6,1
DA:10,0
DA:12,0
DA:14,0
DA:24,1
DA:25,0
DA:27,0
LF:9
LH:4
BRDA:25,0,0,0
BRDA:25,0,1,0
BRF:2
BRH:0
end_of_record
TN:
SF:lib\commands\BRPOP.ts
FN:6,transformArguments
FN:17,(anonymous_1)
FNF:2
FNH:0
FNDA:0,transformArguments
FNDA:0,(anonymous_1)
DA:2,1
DA:4,1
DA:6,1
DA:10,0
DA:12,0
DA:14,0
DA:17,1
LF:7
LH:4
BRF:0
BRH:0
end_of_record
TN:
SF:lib\commands\BRPOPLPUSH.ts
FN:5,transformArguments
FNF:1
FNH:0
FNDA:0,transformArguments
DA:3,1
DA:5,1
DA:10,0
LF:3
LH:2
BRF:0
BRH:0
end_of_record
TN:
SF:lib\commands\BZMPOP.ts
FN:6,transformArguments
FN:20,(anonymous_1)
FNF:2
FNH:0
FNDA:0,transformArguments
FNDA:0,(anonymous_1)
DA:2,1
DA:4,1
DA:6,1
DA:12,0
DA:20,1
LF:5
LH:4
BRF:0
BRH:0
end_of_record
TN:
SF:lib\commands\BZPOPMAX.ts
FN:6,transformArguments
FN:21,transformReply
FNF:2
FNH:0
FNDA:0,transformArguments
FNDA:0,transformReply
DA:2,1
DA:4,1
DA:6,1
DA:10,0
DA:12,0
DA:14,0
DA:21,1
DA:22,0
DA:24,0
LF:9
LH:4
BRDA:22,0,0,0
BRDA:22,0,1,0
BRF:2
BRH:0
end_of_record
TN:
SF:lib\commands\BZPOPMIN.ts
FN:6,transformArguments
FN:17,(anonymous_1)
FNF:2
FNH:0
FNDA:0,transformArguments
FNDA:0,(anonymous_1)
DA:2,1
DA:4,1
DA:6,1
DA:10,0
DA:12,0
DA:14,0
DA:17,1
LF:7
LH:4
BRF:0
BRH:0
end_of_record
TN:
SF:lib\commands\CLIENT_CACHING.ts
FN:3,transformArguments
FNF:1
FNH:1
FNDA:2,transformArguments
DA:3,1
DA:4,2
LF:2
LH:2
BRDA:7,0,0,1
BRDA:7,0,1,1
BRF:2
BRH:2
end_of_record
TN:
SF:lib\commands\CLIENT_GETNAME.ts
FN:3,transformArguments
FNF:1
FNH:1
FNDA:1,transformArguments
DA:3,1
DA:4,1
LF:2
LH:2
BRF:0
BRH:0
end_of_record
TN:
SF:lib\commands\CLIENT_GETREDIR.ts
FN:3,transformArguments
FNF:1
FNH:1
FNDA:1,transformArguments
DA:3,1
DA:4,1
LF:2
LH:2
BRF:0
BRH:0
end_of_record
TN:
SF:lib\commands\CLIENT_ID.ts
FN:3,transformArguments
FNF:1
FNH:0
FNDA:0,transformArguments
DA:1,1
DA:3,1
DA:4,0
LF:3
LH:2
BRF:0
BRH:0
end_of_record
TN:
SF:lib\commands\CLIENT_INFO.ts
FN:3,transformArguments
FN:38,transformReply
FNF:2
FNH:0
FNDA:0,transformArguments
FNDA:0,transformReply
DA:1,1
DA:3,1
DA:4,0
DA:36,1
DA:38,1
DA:39,0
DA:40,0
DA:41,0
DA:44,0
DA:68,0
DA:69,0
DA:72,0
DA:73,0
DA:76,0
DA:77,0
DA:80,0
DA:81,0
DA:84,0
DA:85,0
DA:88,0
LF:20
LH:4
BRDA:68,0,0,0
BRDA:68,0,1,0
BRDA:72,1,0,0
BRDA:72,1,1,0
BRDA:76,2,0,0
BRDA:76,2,1,0
BRDA:80,3,0,0
BRDA:80,3,1,0
BRDA:84,4,0,0
BRDA:84,4,1,0
BRF:10
BRH:0
end_of_record
TN:
SF:lib\commands\CLIENT_KILL.ts
FN:3,(anonymous_0)
FN:42,transformArguments
FN:56,pushFilter
FNF:3
FNH:3
FNDA:1,(anonymous_0)
FNDA:10,transformArguments
FNDA:11,pushFilter
DA:3,1
DA:4,1
DA:5,1
DA:6,1
DA:7,1
DA:8,1
DA:9,1
DA:42,1
DA:43,10
DA:45,10
DA:46,1
DA:47,2
DA:50,9
DA:53,10
DA:57,11
DA:58,2
DA:59,2
DA:62,9
DA:64,9
DA:66,1
DA:67,1
DA:70,1
DA:71,1
DA:74,2
DA:79,2
DA:82,2
DA:83,2
DA:86,1
DA:87,1
DA:90,2
DA:91,2
LF:31
LH:31
BRDA:3,0,0,1
BRDA:3,0,1,1
BRDA:45,1,0,1
BRDA:45,1,1,9
BRDA:57,2,0,2
BRDA:57,2,1,9
BRDA:64,3,0,1
BRDA:64,3,1,1
BRDA:64,3,2,2
BRDA:64,3,3,2
BRDA:64,3,4,1
BRDA:64,3,5,2
BRDA:75,4,0,1
BRDA:75,4,1,1
BRDA:90,5,0,1
BRDA:90,5,1,1
BRF:16
BRH:16
end_of_record
TN:
SF:lib\commands\CLIENT_LIST.ts
FN:19,transformArguments
FN:34,transformReply
FNF:2
FNH:0
FNDA:0,transformArguments
FNDA:0,transformReply
DA:2,1
DA:3,1
DA:17,1
DA:19,1
DA:20,0
DA:22,0
DA:23,0
DA:24,0
DA:26,0
DA:27,0
DA:31,0
DA:34,1
DA:35,0
DA:36,0
DA:37,0
DA:38,0
DA:39,0
DA:42,0
LF:18
LH:5
BRDA:22,0,0,0
BRDA:22,0,1,0
BRDA:23,1,0,0
BRDA:23,1,1,0
BRF:4
BRH:0
end_of_record
TN:
SF:lib\commands\CLIENT_NO-EVICT.ts
FN:3,transformArguments
FNF:1
FNH:0
FNDA:0,transformArguments
DA:3,1
DA:4,0
LF:2
LH:1
BRDA:7,0,0,0
BRDA:7,0,1,0
BRF:2
BRH:0
end_of_record
TN:
SF:lib\commands\CLIENT_PAUSE.ts
FN:3,transformArguments
FNF:1
FNH:0
FNDA:0,transformArguments
DA:3,1
DA:7,0
DA:13,0
DA:14,0
DA:17,0
LF:5
LH:1
BRDA:13,0,0,0
BRDA:13,0,1,0
BRF:2
BRH:0
end_of_record
TN:
SF:lib\commands\CLIENT_SETNAME.ts
FN:3,transformArguments
FNF:1
FNH:1
FNDA:1,transformArguments
DA:3,1
DA:4,1
LF:2
LH:2
BRF:0
BRH:0
end_of_record
TN:
SF:lib\commands\CLIENT_TRACKING.ts
FN:27,transformArguments
FN:71,isBroadcast
FN:75,isOptIn
FN:79,isOptOut
FNF:4
FNH:0
FNDA:0,transformArguments
FNDA:0,isBroadcast
FNDA:0,isOptIn
FNDA:0,isOptOut
DA:27,1
DA:31,0
DA:37,0
DA:38,0
DA:39,0
DA:45,0
DA:46,0
DA:48,0
DA:49,0
DA:50,0
DA:51,0
DA:54,0
DA:57,0
DA:58,0
DA:59,0
DA:60,0
DA:63,0
DA:64,0
DA:68,0
DA:72,0
DA:76,0
DA:80,0
LF:22
LH:1
BRDA:34,0,0,0
BRDA:34,0,1,0
BRDA:37,1,0,0
BRDA:37,1,1,0
BRDA:38,2,0,0
BRDA:38,2,1,0
BRDA:45,3,0,0
BRDA:45,3,1,0
BRDA:48,4,0,0
BRDA:48,4,1,0
BRDA:49,5,0,0
BRDA:49,5,1,0
BRDA:57,6,0,0
BRDA:57,6,1,0
BRDA:59,7,0,0
BRDA:59,7,1,0
BRDA:63,8,0,0
BRDA:63,8,1,0
BRF:18
BRH:0
end_of_record
TN:
SF:lib\commands\CLIENT_TRACKINGINFO.ts
FN:3,transformArguments
FN:22,transformReply
FNF:2
FNH:0
FNDA:0,transformArguments
FNDA:0,transformReply
DA:3,1
DA:4,0
DA:22,1
DA:23,0
LF:4
LH:2
BRF:0
BRH:0
end_of_record
TN:
SF:lib\commands\CLIENT_UNPAUSE.ts
FN:3,transformArguments
FNF:1
FNH:0
FNDA:0,transformArguments
DA:3,1
DA:4,0
LF:2
LH:1
BRF:0
BRH:0
end_of_record
TN:
SF:lib\commands\CLUSTER_ADDSLOTS.ts
FN:4,transformArguments
FNF:1
FNH:1
FNDA:2,transformArguments
DA:2,1
DA:4,1
DA:5,2
LF:3
LH:3
BRF:0
BRH:0
end_of_record
TN:
SF:lib\commands\CLUSTER_ADDSLOTSRANGE.ts
FN:4,transformArguments
FNF:1
FNH:1
FNDA:2,transformArguments
DA:2,1
DA:4,1
DA:7,2
LF:3
LH:3
BRF:0
BRH:0
end_of_record
TN:
SF:lib\commands\CLUSTER_BUMPEPOCH.ts
FN:1,transformArguments
FNF:1
FNH:0
FNDA:0,transformArguments
DA:1,1
DA:2,0
LF:2
LH:1
BRF:0
BRH:0
end_of_record
TN:
SF:lib\commands\CLUSTER_COUNT-FAILURE-REPORTS.ts
FN:1,transformArguments
FNF:1
FNH:0
FNDA:0,transformArguments
DA:1,1
DA:2,0
LF:2
LH:1
BRF:0
BRH:0
end_of_record
TN:
SF:lib\commands\CLUSTER_COUNTKEYSINSLOT.ts
FN:1,transformArguments
FNF:1
FNH:0
FNDA:0,transformArguments
DA:1,1
DA:2,0
LF:2
LH:1
BRF:0
BRH:0
end_of_record
TN:
SF:lib\commands\CLUSTER_DELSLOTS.ts
FN:4,transformArguments
FNF:1
FNH:1
FNDA:2,transformArguments
DA:2,1
DA:4,1
DA:5,2
LF:3
LH:3
BRF:0
BRH:0
end_of_record
TN:
SF:lib\commands\CLUSTER_DELSLOTSRANGE.ts
FN:4,transformArguments
FNF:1
FNH:1
FNDA:2,transformArguments
DA:2,1
DA:4,1
DA:7,2
LF:3
LH:3
BRF:0
BRH:0
end_of_record
TN:
SF:lib\commands\CLUSTER_FAILOVER.ts
FN:1,(anonymous_0)
FN:6,transformArguments
FNF:2
FNH:2
FNDA:1,(anonymous_0)
FNDA:2,transformArguments
DA:1,1
DA:2,1
DA:3,1
DA:6,1
DA:7,2
DA:9,2
DA:10,1
DA:13,2
LF:8
LH:8
BRDA:1,0,0,1
BRDA:1,0,1,1
BRDA:9,1,0,1
BRDA:9,1,1,1
BRF:4
BRH:4
end_of_record
TN:
SF:lib\commands\CLUSTER_FLUSHSLOTS.ts
FN:1,transformArguments
FNF:1
FNH:1
FNDA:1,transformArguments
DA:1,1
DA:2,1
LF:2
LH:2
BRF:0
BRH:0
end_of_record
TN:
SF:lib\commands\CLUSTER_FORGET.ts
FN:1,transformArguments
FNF:1
FNH:1
FNDA:1,transformArguments
DA:1,1
DA:2,1
LF:2
LH:2
BRF:0
BRH:0
end_of_record
TN:
SF:lib\commands\CLUSTER_GETKEYSINSLOT.ts
FN:1,transformArguments
FNF:1
FNH:0
FNDA:0,transformArguments
DA:1,1
DA:2,0
LF:2
LH:1
BRF:0
BRH:0
end_of_record
TN:
SF:lib\commands\CLUSTER_INFO.ts
FN:1,transformArguments
FN:23,transformReply
FN:45,extractLineValue
FNF:3
FNH:0
FNDA:0,transformArguments
FNDA:0,transformReply
FNDA:0,extractLineValue
DA:1,1
DA:2,0
DA:23,1
DA:24,0
DA:26,0
DA:45,1
DA:46,0
LF:7
LH:3
BRF:0
BRH:0
end_of_record
TN:
SF:lib\commands\CLUSTER_KEYSLOT.ts
FN:1,transformArguments
FNF:1
FNH:0
FNDA:0,transformArguments
DA:1,1
DA:2,0
LF:2
LH:1
BRF:0
BRH:0
end_of_record
TN:
SF:lib\commands\CLUSTER_LINKS.ts
FN:1,transformArguments
FN:29,transformReply
FN:30,(anonymous_2)
FNF:3
FNH:0
FNDA:0,transformArguments
FNDA:0,transformReply
FNDA:0,(anonymous_2)
DA:1,1
DA:2,0
DA:29,1
DA:30,0
LF:4
LH:2
BRF:0
BRH:0
end_of_record
TN:
SF:lib\commands\CLUSTER_MEET.ts
FN:1,transformArguments
FNF:1
FNH:1
FNDA:1,transformArguments
DA:1,1
DA:2,1
LF:2
LH:2
BRF:0
BRH:0
end_of_record
TN:
SF:lib\commands\CLUSTER_MYID.ts
FN:1,transformArguments
FNF:1
FNH:0
FNDA:0,transformArguments
DA:1,1
DA:2,0
LF:2
LH:1
BRF:0
BRH:0
end_of_record
TN:
SF:lib\commands\CLUSTER_NODES.ts
FN:1,transformArguments
FN:5,(anonymous_1)
FN:34,transformReply
FN:63,(anonymous_3)
FN:87,transformNodeAddress
FNF:5
FNH:5
FNDA:1,transformArguments
FNDA:1,(anonymous_1)
FNDA:3,transformReply
FNDA:3,(anonymous_3)
FNDA:4,transformNodeAddress
DA:1,1
DA:2,1
DA:5,1
DA:6,1
DA:7,1
DA:34,1
DA:35,3
DA:36,3
DA:38,3
DA:39,3
DA:41,3
DA:42,4
DA:43,4
DA:54,4
DA:55,3
DA:56,3
DA:57,3
DA:58,3
DA:61,3
DA:65,3
DA:66,3
DA:67,3
DA:75,1
DA:76,1
DA:77,0
DA:79,1
DA:84,3
DA:88,4
DA:89,4
DA:90,4
DA:92,4
DA:93,1
DA:100,3
LF:33
LH:32
BRDA:5,0,0,1
BRDA:5,0,1,1
BRDA:54,1,0,3
BRDA:54,1,1,1
BRDA:56,2,0,3
BRDA:56,2,1,0
BRDA:69,3,0,3
BRDA:69,3,1,0
BRDA:76,4,0,0
BRDA:76,4,1,1
BRDA:92,5,0,1
BRDA:92,5,1,3
BRF:12
BRH:9
end_of_record
TN:
SF:lib\commands\CLUSTER_REPLICAS.ts
FN:1,transformArguments
FN:5,(anonymous_1)
FNF:2
FNH:1
FNDA:1,transformArguments
FNDA:0,(anonymous_1)
DA:1,1
DA:2,1
DA:5,1
LF:3
LH:3
BRF:0
BRH:0
end_of_record
TN:
SF:lib\commands\CLUSTER_REPLICATE.ts
FN:1,transformArguments
FNF:1
FNH:1
FNDA:1,transformArguments
DA:1,1
DA:2,1
LF:2
LH:2
BRF:0
BRH:0
end_of_record
TN:
SF:lib\commands\CLUSTER_RESET.ts
FN:1,transformArguments
FNF:1
FNH:1
FNDA:2,transformArguments
DA:1,1
DA:2,2
DA:4,2
DA:5,1
DA:8,2
LF:5
LH:5
BRDA:4,0,0,1
BRDA:4,0,1,1
BRF:2
BRH:2
end_of_record
TN:
SF:lib\commands\CLUSTER_SAVECONFIG.ts
FN:1,transformArguments
FNF:1
FNH:0
FNDA:0,transformArguments
DA:1,1
DA:2,0
LF:2
LH:1
BRF:0
BRH:0
end_of_record
TN:
SF:lib\commands\CLUSTER_SET-CONFIG-EPOCH.ts
FN:1,transformArguments
FNF:1
FNH:1
FNDA:1,transformArguments
DA:1,1
DA:2,1
LF:2
LH:2
BRF:0
BRH:0
end_of_record
TN:
SF:lib\commands\CLUSTER_SETSLOT.ts
FN:1,(anonymous_0)
FN:8,transformArguments
FNF:2
FNH:2
FNDA:1,(anonymous_0)
FNDA:2,transformArguments
DA:1,1
DA:2,1
DA:3,1
DA:4,1
DA:5,1
DA:8,1
DA:13,2
DA:15,2
DA:16,1
DA:19,2
LF:10
LH:10
BRDA:1,0,0,1
BRDA:1,0,1,1
BRDA:15,1,0,1
BRDA:15,1,1,1
BRF:4
BRH:4
end_of_record
TN:
SF:lib\commands\CLUSTER_SLOTS.ts
FN:3,transformArguments
FN:29,transformReply
FN:30,(anonymous_2)
FN:40,transformNode
FNF:4
FNH:4
FNDA:1,transformArguments
FNDA:1,transformReply
FNDA:3,(anonymous_2)
FNDA:6,transformNode
DA:3,1
DA:4,1
DA:29,1
DA:30,1
DA:31,3
DA:41,6
LF:6
LH:6
BRF:0
BRH:0
end_of_record
TN:
SF:lib\commands\COMMAND.ts
FN:6,transformArguments
FN:10,transformReply
FNF:2
FNH:0
FNDA:0,transformArguments
FNDA:0,transformReply
DA:2,1
DA:4,1
DA:6,1
DA:7,0
DA:10,1
DA:11,0
LF:6
LH:4
BRF:0
BRH:0
end_of_record
TN:
SF:lib\commands\COMMAND_COUNT.ts
FN:5,transformArguments
FNF:1
FNH:0
FNDA:0,transformArguments
DA:3,1
DA:5,1
DA:6,0
LF:3
LH:2
BRF:0
BRH:0
end_of_record
TN:
SF:lib\commands\COMMAND_GETKEYS.ts
FN:5,transformArguments
FNF:1
FNH:0
FNDA:0,transformArguments
DA:3,1
DA:5,1
DA:6,0
LF:3
LH:2
BRF:0
BRH:0
end_of_record
TN:
SF:lib\commands\COMMAND_GETKEYSANDFLAGS.ts
FN:5,transformArguments
FN:19,transformReply
FN:20,(anonymous_2)
FNF:3
FNH:0
FNDA:0,transformArguments
FNDA:0,transformReply
FNDA:0,(anonymous_2)
DA:3,1
DA:5,1
DA:6,0
DA:19,1
DA:20,0
LF:5
LH:3
BRF:0
BRH:0
end_of_record
TN:
SF:lib\commands\COMMAND_INFO.ts
FN:6,transformArguments
FN:10,transformReply
FN:11,(anonymous_2)
FNF:3
FNH:1
FNDA:1,transformArguments
FNDA:0,transformReply
FNDA:0,(anonymous_2)
DA:2,1
DA:4,1
DA:6,1
DA:7,1
DA:10,1
DA:11,0
LF:6
LH:5
BRDA:11,0,0,0
BRDA:11,0,1,0
BRF:2
BRH:0
end_of_record
TN:
SF:lib\commands\COMMAND_LIST.ts
FN:5,(anonymous_0)
FN:17,transformArguments
FNF:2
FNH:1
FNDA:1,(anonymous_0)
FNDA:0,transformArguments
DA:3,1
DA:5,1
DA:6,1
DA:7,1
DA:8,1
DA:17,1
DA:18,0
DA:20,0
DA:21,0
DA:28,0
LF:10
LH:6
BRDA:5,0,0,1
BRDA:5,0,1,1
BRDA:20,1,0,0
BRDA:20,1,1,0
BRF:4
BRH:2
end_of_record
TN:
SF:lib\commands\CONFIG_GET.ts
FN:1,transformArguments
FN:5,(anonymous_1)
FNF:2
FNH:1
FNDA:1,transformArguments
FNDA:0,(anonymous_1)
DA:1,1
DA:2,1
DA:5,1
LF:3
LH:3
BRF:0
BRH:0
end_of_record
TN:
SF:lib\commands\CONFIG_RESETSTAT.ts
FN:1,transformArguments
FNF:1
FNH:1
FNDA:1,transformArguments
DA:1,1
DA:2,1
LF:2
LH:2
BRF:0
BRH:0
end_of_record
TN:
SF:lib\commands\CONFIG_REWRITE.ts
FN:1,transformArguments
FNF:1
FNH:1
FNDA:1,transformArguments
DA:1,1
DA:2,1
LF:2
LH:2
BRF:0
BRH:0
end_of_record
TN:
SF:lib\commands\CONFIG_SET.ts
FN:7,transformArguments
FNF:1
FNH:1
FNDA:2,transformArguments
DA:7,1
DA:10,2
DA:12,2
DA:13,1
DA:15,1
DA:16,3
DA:20,2
LF:7
LH:7
BRDA:12,0,0,1
BRDA:12,0,1,1
BRF:2
BRH:2
end_of_record
TN:
SF:lib\commands\COPY.ts
FN:10,transformArguments
FN:28,(anonymous_1)
FNF:2
FNH:0
FNDA:0,transformArguments
FNDA:0,(anonymous_1)
DA:8,1
DA:10,1
DA:15,0
DA:17,0
DA:18,0
DA:21,0
DA:22,0
DA:25,0
DA:28,1
LF:9
LH:3
BRDA:17,0,0,0
BRDA:17,0,1,0
BRDA:21,1,0,0
BRDA:21,1,1,0
BRF:4
BRH:0
end_of_record
TN:
SF:lib\commands\DBSIZE.ts
FN:3,transformArguments
FNF:1
FNH:0
FNDA:0,transformArguments
DA:1,1
DA:3,1
DA:4,0
LF:3
LH:2
BRF:0
BRH:0
end_of_record
TN:
SF:lib\commands\DECR.ts
FN:5,transformArguments
FNF:1
FNH:0
FNDA:0,transformArguments
DA:3,1
DA:5,1
DA:6,0
LF:3
LH:2
BRF:0
BRH:0
end_of_record
TN:
SF:lib\commands\DECRBY.ts
FN:5,transformArguments
FNF:1
FNH:0
FNDA:0,transformArguments
DA:3,1
DA:5,1
DA:9,0
LF:3
LH:2
BRF:0
BRH:0
end_of_record
TN:
SF:lib\commands\DEL.ts
FN:6,transformArguments
FNF:1
FNH:0
FNDA:0,transformArguments
DA:2,1
DA:4,1
DA:6,1
DA:9,0
LF:4
LH:3
BRF:0
BRH:0
end_of_record
TN:
SF:lib\commands\DISCARD.ts
FN:3,transformArguments
FNF:1
FNH:1
FNDA:1,transformArguments
DA:3,1
DA:4,1
LF:2
LH:2
BRF:0
BRH:0
end_of_record
TN:
SF:lib\commands\DUMP.ts
FN:5,transformArguments
FNF:1
FNH:0
FNDA:0,transformArguments
DA:3,1
DA:5,1
DA:6,0
LF:3
LH:2
BRF:0
BRH:0
end_of_record
TN:
SF:lib\commands\ECHO.ts
FN:5,transformArguments
FNF:1
FNH:0
FNDA:0,transformArguments
DA:3,1
DA:5,1
DA:6,0
LF:3
LH:2
BRF:0
BRH:0
end_of_record
TN:
SF:lib\commands\EVAL.ts
FN:5,transformArguments
FNF:1
FNH:0
FNDA:0,transformArguments
DA:1,1
DA:3,1
DA:5,1
DA:6,0
LF:4
LH:3
BRF:0
BRH:0
end_of_record
TN:
SF:lib\commands\EVALSHA.ts
FN:5,transformArguments
FNF:1
FNH:1
FNDA:1,transformArguments
DA:1,1
DA:3,1
DA:5,1
DA:6,1
LF:4
LH:4
BRF:0
BRH:0
end_of_record
TN:
SF:lib\commands\EVALSHA_RO.ts
FN:7,transformArguments
FNF:1
FNH:1
FNDA:1,transformArguments
DA:1,1
DA:3,1
DA:5,1
DA:7,1
DA:8,1
LF:5
LH:5
BRF:0
BRH:0
end_of_record
TN:
SF:lib\commands\EVAL_RO.ts
FN:7,transformArguments
FNF:1
FNH:0
FNDA:0,transformArguments
DA:1,1
DA:3,1
DA:5,1
DA:7,1
DA:8,0
LF:5
LH:4
BRF:0
BRH:0
end_of_record
TN:
SF:lib\commands\EXISTS.ts
FN:8,transformArguments
FNF:1
FNH:0
FNDA:0,transformArguments
DA:2,1
DA:4,1
DA:6,1
DA:8,1
DA:11,0
LF:5
LH:4
BRF:0
BRH:0
end_of_record
TN:
SF:lib\commands\EXPIRE.ts
FN:5,transformArguments
FN:19,(anonymous_1)
FNF:2
FNH:0
FNDA:0,transformArguments
FNDA:0,(anonymous_1)
DA:3,1
DA:5,1
DA:10,0
DA:12,0
DA:13,0
DA:16,0
DA:19,1
LF:7
LH:3
BRDA:12,0,0,0
BRDA:12,0,1,0
BRF:2
BRH:0
end_of_record
TN:
SF:lib\commands\EXPIREAT.ts
FN:6,transformArguments
FN:24,(anonymous_1)
FNF:2
FNH:0
FNDA:0,transformArguments
FNDA:0,(anonymous_1)
DA:2,1
DA:4,1
DA:6,1
DA:11,0
DA:17,0
DA:18,0
DA:21,0
DA:24,1
LF:8
LH:4
BRDA:17,0,0,0
BRDA:17,0,1,0
BRF:2
BRH:0
end_of_record
TN:
SF:lib\commands\EXPIRETIME.ts
FN:5,transformArguments
FNF:1
FNH:0
FNDA:0,transformArguments
DA:3,1
DA:5,1
DA:6,0
LF:3
LH:2
BRF:0
BRH:0
end_of_record
TN:
SF:lib\commands\FAILOVER.ts
FN:11,transformArguments
FNF:1
FNH:1
FNDA:6,transformArguments
DA:11,1
DA:12,6
DA:14,6
DA:15,3
DA:17,3
DA:18,1
DA:22,6
DA:23,2
DA:26,6
DA:27,2
DA:30,6
LF:11
LH:11
BRDA:14,0,0,3
BRDA:14,0,1,3
BRDA:17,1,0,1
BRDA:17,1,1,2
BRDA:22,2,0,2
BRDA:22,2,1,4
BRDA:26,3,0,2
BRDA:26,3,1,4
BRF:8
BRH:8
end_of_record
TN:
SF:lib\commands\FCALL.ts
FN:5,transformArguments
FNF:1
FNH:0
FNDA:0,transformArguments
DA:1,1
DA:3,1
DA:5,1
DA:6,0
LF:4
LH:3
BRF:0
BRH:0
end_of_record
TN:
SF:lib\commands\FCALL_RO.ts
FN:7,transformArguments
FNF:1
FNH:0
FNDA:0,transformArguments
DA:1,1
DA:3,1
DA:5,1
DA:7,1
DA:8,0
LF:5
LH:4
BRF:0
BRH:0
end_of_record
TN:
SF:lib\commands\FLUSHALL.ts
FN:1,(anonymous_0)
FN:6,transformArguments
FNF:2
FNH:1
FNDA:1,(anonymous_0)
FNDA:0,transformArguments
DA:1,1
DA:2,1
DA:3,1
DA:6,1
DA:7,0
DA:9,0
DA:10,0
DA:13,0
LF:8
LH:4
BRDA:1,0,0,1
BRDA:1,0,1,1
BRDA:9,1,0,0
BRDA:9,1,1,0
BRF:4
BRH:2
end_of_record
TN:
SF:lib\commands\FLUSHDB.ts
FN:3,transformArguments
FNF:1
FNH:0
FNDA:0,transformArguments
DA:3,1
DA:4,0
DA:6,0
DA:7,0
DA:10,0
LF:5
LH:1
BRDA:6,0,0,0
BRDA:6,0,1,0
BRF:2
BRH:0
end_of_record
TN:
SF:lib\commands\FUNCTION_DELETE.ts
FN:3,transformArguments
FNF:1
FNH:0
FNDA:0,transformArguments
DA:3,1
DA:4,0
LF:2
LH:1
BRF:0
BRH:0
end_of_record
TN:
SF:lib\commands\FUNCTION_DUMP.ts
FN:3,transformArguments
FNF:1
FNH:0
FNDA:0,transformArguments
DA:3,1
DA:4,0
LF:2
LH:1
BRF:0
BRH:0
end_of_record
TN:
SF:lib\commands\FUNCTION_FLUSH.ts
FN:3,transformArguments
FNF:1
FNH:0
FNDA:0,transformArguments
DA:3,1
DA:4,0
DA:6,0
DA:7,0
DA:10,0
LF:5
LH:1
BRDA:6,0,0,0
BRDA:6,0,1,0
BRF:2
BRH:0
end_of_record
TN:
SF:lib\commands\FUNCTION_KILL.ts
FN:3,transformArguments
FNF:1
FNH:1
FNDA:1,transformArguments
DA:3,1
DA:4,1
LF:2
LH:2
BRF:0
BRH:0
end_of_record
TN:
SF:lib\commands\FUNCTION_LIST.ts
FN:4,transformArguments
FN:14,transformReply
FNF:2
FNH:0
FNDA:0,transformArguments
FNDA:0,transformReply
DA:2,1
DA:4,1
DA:5,0
DA:7,0
DA:8,0
DA:11,0
DA:14,1
DA:15,0
LF:8
LH:3
BRDA:7,0,0,0
BRDA:7,0,1,0
BRF:2
BRH:0
end_of_record
TN:
SF:lib\commands\FUNCTION_LIST_WITHCODE.ts
FN:5,transformArguments
FN:21,transformReply
FN:22,(anonymous_2)
FNF:3
FNH:0
FNDA:0,transformArguments
FNDA:0,transformReply
FNDA:0,(anonymous_2)
DA:2,1
DA:3,1
DA:5,1
DA:6,0
DA:7,0
DA:8,0
DA:21,1
DA:22,0
LF:8
LH:4
BRF:0
BRH:0
end_of_record
TN:
SF:lib\commands\FUNCTION_LOAD.ts
FN:7,transformArguments
FNF:1
FNH:0
FNDA:0,transformArguments
DA:7,1
DA:11,0
DA:13,0
DA:14,0
DA:17,0
DA:19,0
LF:6
LH:1
BRDA:13,0,0,0
BRDA:13,0,1,0
BRF:2
BRH:0
end_of_record
TN:
SF:lib\commands\FUNCTION_RESTORE.ts
FN:3,transformArguments
FNF:1
FNH:0
FNDA:0,transformArguments
DA:3,1
DA:7,0
DA:9,0
DA:10,0
DA:13,0
LF:5
LH:1
BRDA:9,0,0,0
BRDA:9,0,1,0
BRF:2
BRH:0
end_of_record
TN:
SF:lib\commands\FUNCTION_STATS.ts
FN:3,transformArguments
FN:39,transformReply
FNF:2
FNH:0
FNDA:0,transformArguments
FNDA:0,transformReply
DA:3,1
DA:4,0
DA:39,1
DA:40,0
DA:41,0
DA:42,0
DA:48,0
LF:7
LH:2
BRDA:49,0,0,0
BRDA:49,0,1,0
BRF:2
BRH:0
end_of_record
TN:
SF:lib\commands\GEOADD.ts
FN:26,transformArguments
FNF:1
FNH:0
FNDA:0,transformArguments
DA:4,1
DA:26,1
DA:30,0
DA:32,0
DA:33,0
DA:34,0
DA:35,0
DA:38,0
DA:39,0
DA:42,0
DA:43,0
DA:50,0
LF:12
LH:2
BRDA:32,0,0,0
BRDA:32,0,1,0
BRDA:34,1,0,0
BRDA:34,1,1,0
BRDA:38,2,0,0
BRDA:38,2,1,0
BRDA:42,3,0,0
BRDA:42,3,1,0
BRF:8
BRH:0
end_of_record
TN:
SF:lib\commands\GEODIST.ts
FN:8,transformArguments
FN:23,transformReply
FNF:2
FNH:0
FNDA:0,transformArguments
FNDA:0,transformReply
DA:4,1
DA:6,1
DA:8,1
DA:14,0
DA:16,0
DA:17,0
DA:20,0
DA:23,1
DA:24,0
LF:9
LH:4
BRDA:16,0,0,0
BRDA:16,0,1,0
BRDA:24,1,0,0
BRDA:24,1,1,0
BRF:4
BRH:0
end_of_record
TN:
SF:lib\commands\GEOHASH.ts
FN:8,transformArguments
FNF:1
FNH:0
FNDA:0,transformArguments
DA:2,1
DA:4,1
DA:6,1
DA:8,1
DA:12,0
LF:5
LH:4
BRF:0
BRH:0
end_of_record
TN:
SF:lib\commands\GEOPOS.ts
FN:8,transformArguments
FN:22,transformReply
FN:23,(anonymous_2)
FNF:3
FNH:0
FNDA:0,transformArguments
FNDA:0,transformReply
FNDA:0,(anonymous_2)
DA:2,1
DA:4,1
DA:6,1
DA:8,1
DA:12,0
DA:22,1
DA:23,0
LF:7
LH:5
BRDA:23,0,0,0
BRDA:23,0,1,0
BRF:2
BRH:0
end_of_record
TN:
SF:lib\commands\GEORADIUS.ts
FN:8,transformArguments
FNF:1
FNH:0
FNDA:0,transformArguments
DA:2,1
DA:4,1
DA:6,1
DA:8,1
DA:15,0
LF:5
LH:4
BRF:0
BRH:0
end_of_record
TN:
SF:lib\commands\GEORADIUSBYMEMBER.ts
FN:8,transformArguments
FNF:1
FNH:0
FNDA:0,transformArguments
DA:2,1
DA:4,1
DA:6,1
DA:8,1
DA:15,0
LF:5
LH:4
BRF:0
BRH:0
end_of_record
TN:
SF:lib\commands\GEORADIUSBYMEMBERSTORE.ts
FN:4,(anonymous_0)
FN:4,(anonymous_1)
FN:6,transformArguments
FNF:3
FNH:0
FNDA:0,(anonymous_0)
FNDA:0,(anonymous_1)
FNDA:0,transformArguments
DA:2,1
DA:4,1
DA:6,1
DA:14,0
LF:4
LH:3
BRF:0
BRH:0
end_of_record
TN:
SF:lib\commands\GEORADIUSBYMEMBER_RO.ts
FN:8,transformArguments
FNF:1
FNH:0
FNDA:0,transformArguments
DA:2,1
DA:4,1
DA:6,1
DA:8,1
DA:15,0
LF:5
LH:4
BRF:0
BRH:0
end_of_record
TN:
SF:lib\commands\GEORADIUSBYMEMBER_RO_WITH.ts
FN:5,(anonymous_0)
FN:5,(anonymous_1)
FN:7,transformArguments
FN:30,(anonymous_3)
FNF:4
FNH:0
FNDA:0,(anonymous_0)
FNDA:0,(anonymous_1)
FNDA:0,transformArguments
FNDA:0,(anonymous_3)
DA:3,1
DA:5,1
DA:7,1
DA:15,0
DA:23,0
DA:25,0
DA:27,0
DA:30,1
LF:8
LH:4
BRF:0
BRH:0
end_of_record
TN:
SF:lib\commands\GEORADIUSBYMEMBER_WITH.ts
FN:5,(anonymous_0)
FN:5,(anonymous_1)
FN:7,transformArguments
FN:30,(anonymous_3)
FNF:4
FNH:0
FNDA:0,(anonymous_0)
FNDA:0,(anonymous_1)
FNDA:0,transformArguments
FNDA:0,(anonymous_3)
DA:3,1
DA:5,1
DA:7,1
DA:15,0
DA:23,0
DA:25,0
DA:27,0
DA:30,1
LF:8
LH:4
BRF:0
BRH:0
end_of_record
TN:
SF:lib\commands\GEORADIUSSTORE.ts
FN:4,(anonymous_0)
FN:4,(anonymous_1)
FN:6,transformArguments
FNF:3
FNH:0
FNDA:0,(anonymous_0)
FNDA:0,(anonymous_1)
FNDA:0,transformArguments
DA:2,1
DA:4,1
DA:6,1
DA:14,0
LF:4
LH:3
BRF:0
BRH:0
end_of_record
TN:
SF:lib\commands\GEORADIUS_RO.ts
FN:8,transformArguments
FNF:1
FNH:0
FNDA:0,transformArguments
DA:2,1
DA:4,1
DA:6,1
DA:8,1
DA:15,0
LF:5
LH:4
BRF:0
BRH:0
end_of_record
TN:
SF:lib\commands\GEORADIUS_RO_WITH.ts
FN:5,(anonymous_0)
FN:5,(anonymous_1)
FN:7,transformArguments
FN:30,(anonymous_3)
FNF:4
FNH:0
FNDA:0,(anonymous_0)
FNDA:0,(anonymous_1)
FNDA:0,transformArguments
FNDA:0,(anonymous_3)
DA:3,1
DA:5,1
DA:7,1
DA:15,0
DA:23,0
DA:25,0
DA:27,0
DA:30,1
LF:8
LH:4
BRF:0
BRH:0
end_of_record
TN:
SF:lib\commands\GEORADIUS_WITH.ts
FN:5,(anonymous_0)
FN:5,(anonymous_1)
FN:7,transformArguments
FN:30,(anonymous_3)
FNF:4
FNH:0
FNDA:0,(anonymous_0)
FNDA:0,(anonymous_1)
FNDA:0,transformArguments
FNDA:0,(anonymous_3)
DA:3,1
DA:5,1
DA:7,1
DA:15,0
DA:23,0
DA:25,0
DA:27,0
DA:30,1
LF:8
LH:4
BRF:0
BRH:0
end_of_record
TN:
SF:lib\commands\GEOSEARCH.ts
FN:8,transformArguments
FNF:1
FNH:0
FNDA:0,transformArguments
DA:2,1
DA:4,1
DA:6,1
DA:8,1
DA:14,0
LF:5
LH:4
BRF:0
BRH:0
end_of_record
TN:
SF:lib\commands\GEOSEARCHSTORE.ts
FN:4,(anonymous_0)
FN:4,(anonymous_1)
FN:10,transformArguments
FN:32,transformReply
FNF:4
FNH:0
FNDA:0,(anonymous_0)
FNDA:0,(anonymous_1)
FNDA:0,transformArguments
FNDA:0,transformReply
DA:2,1
DA:4,1
DA:10,1
DA:17,0
DA:25,0
DA:26,0
DA:29,0
DA:32,1
DA:33,0
DA:34,0
DA:37,0
LF:11
LH:4
BRDA:25,0,0,0
BRDA:25,0,1,0
BRDA:33,1,0,0
BRDA:33,1,1,0
BRF:4
BRH:0
end_of_record
TN:
SF:lib\commands\GEOSEARCH_WITH.ts
FN:5,(anonymous_0)
FN:5,(anonymous_1)
FN:7,transformArguments
FN:23,(anonymous_3)
FNF:4
FNH:0
FNDA:0,(anonymous_0)
FNDA:0,(anonymous_1)
FNDA:0,transformArguments
FNDA:0,(anonymous_3)
DA:3,1
DA:5,1
DA:7,1
DA:14,0
DA:16,0
DA:18,0
DA:20,0
DA:23,1
LF:8
LH:4
BRF:0
BRH:0
end_of_record
TN:
SF:lib\commands\GET.ts
FN:7,transformArguments
FNF:1
FNH:0
FNDA:0,transformArguments
DA:3,1
DA:5,1
DA:7,1
DA:8,0
LF:4
LH:3
BRF:0
BRH:0
end_of_record
TN:
SF:lib\commands\GETBIT.ts
FN:8,transformArguments
FNF:1
FNH:0
FNDA:0,transformArguments
DA:4,1
DA:6,1
DA:8,1
DA:12,0
LF:4
LH:3
BRF:0
BRH:0
end_of_record
TN:
SF:lib\commands\GETDEL.ts
FN:5,transformArguments
FNF:1
FNH:0
FNDA:0,transformArguments
DA:3,1
DA:5,1
DA:6,0
LF:3
LH:2
BRF:0
BRH:0
end_of_record
TN:
SF:lib\commands\GETEX.ts
FN:18,transformArguments
FNF:1
FNH:0
FNDA:0,transformArguments
DA:2,1
DA:4,1
DA:18,1
DA:22,0
DA:24,0
DA:25,0
DA:26,0
DA:27,0
DA:28,0
DA:29,0
DA:30,0
DA:31,0
DA:33,0
DA:36,0
LF:14
LH:3
BRDA:24,0,0,0
BRDA:24,0,1,0
BRDA:26,1,0,0
BRDA:26,1,1,0
BRDA:28,2,0,0
BRDA:28,2,1,0
BRDA:30,3,0,0
BRDA:30,3,1,0
BRF:8
BRH:0
end_of_record
TN:
SF:lib\commands\GETRANGE.ts
FN:7,transformArguments
FNF:1
FNH:0
FNDA:0,transformArguments
DA:3,1
DA:5,1
DA:7,1
DA:12,0
LF:4
LH:3
BRF:0
BRH:0
end_of_record
TN:
SF:lib\commands\GETSET.ts
FN:5,transformArguments
FNF:1
FNH:0
FNDA:0,transformArguments
DA:3,1
DA:5,1
DA:9,0
LF:3
LH:2
BRF:0
BRH:0
end_of_record
TN:
SF:lib\commands\HDEL.ts
FN:6,transformArguments
FNF:1
FNH:0
FNDA:0,transformArguments
DA:2,1
DA:4,1
DA:6,1
DA:10,0
LF:4
LH:3
BRF:0
BRH:0
end_of_record
TN:
SF:lib\commands\HELLO.ts
FN:10,transformArguments
FN:55,transformReply
FNF:2
FNH:0
FNDA:0,transformArguments
FNDA:0,transformReply
DA:10,1
DA:11,0
DA:13,0
DA:14,0
DA:16,0
DA:17,0
DA:20,0
DA:21,0
DA:25,0
DA:55,1
DA:56,0
LF:11
LH:2
BRDA:13,0,0,0
BRDA:13,0,1,0
BRDA:16,1,0,0
BRDA:16,1,1,0
BRDA:20,2,0,0
BRDA:20,2,1,0
BRF:6
BRH:0
end_of_record
TN:
SF:lib\commands\HEXISTS.ts
FN:5,transformArguments
FN:12,(anonymous_1)
FNF:2
FNH:0
FNDA:0,transformArguments
FNDA:0,(anonymous_1)
DA:3,1
DA:5,1
DA:9,0
DA:12,1
LF:4
LH:3
BRF:0
BRH:0
end_of_record
TN:
SF:lib\commands\HGET.ts
FN:7,transformArguments
FNF:1
FNH:0
FNDA:0,transformArguments
DA:3,1
DA:5,1
DA:7,1
DA:11,0
LF:4
LH:3
BRF:0
BRH:0
end_of_record
TN:
SF:lib\commands\HGETALL.ts
FN:9,transformArguments
FN:13,(anonymous_1)
FNF:2
FNH:0
FNDA:0,transformArguments
FNDA:0,(anonymous_1)
DA:3,1
DA:5,1
DA:7,1
DA:9,1
DA:10,0
DA:13,1
LF:6
LH:5
BRF:0
BRH:0
end_of_record
TN:
SF:lib\commands\HINCRBY.ts
FN:5,transformArguments
FNF:1
FNH:0
FNDA:0,transformArguments
DA:3,1
DA:5,1
DA:10,0
LF:3
LH:2
BRF:0
BRH:0
end_of_record
TN:
SF:lib\commands\HINCRBYFLOAT.ts
FN:5,transformArguments
FNF:1
FNH:0
FNDA:0,transformArguments
DA:3,1
DA:5,1
DA:10,0
LF:3
LH:2
BRF:0
BRH:0
end_of_record
TN:
SF:lib\commands\HKEYS.ts
FN:5,transformArguments
FNF:1
FNH:0
FNDA:0,transformArguments
DA:3,1
DA:5,1
DA:6,0
LF:3
LH:2
BRF:0
BRH:0
end_of_record
TN:
SF:lib\commands\HLEN.ts
FN:5,transformArguments
FNF:1
FNH:0
FNDA:0,transformArguments
DA:3,1
DA:5,1
DA:6,0
LF:3
LH:2
BRF:0
BRH:0
end_of_record
TN:
SF:lib\commands\HMGET.ts
FN:8,transformArguments
FNF:1
FNH:0
FNDA:0,transformArguments
DA:2,1
DA:4,1
DA:6,1
DA:8,1
DA:12,0
LF:5
LH:4
BRF:0
BRH:0
end_of_record
TN:
SF:lib\commands\HRANDFIELD.ts
FN:7,transformArguments
FNF:1
FNH:0
FNDA:0,transformArguments
DA:3,1
DA:5,1
DA:7,1
DA:8,0
LF:4
LH:3
BRF:0
BRH:0
end_of_record
TN:
SF:lib\commands\HRANDFIELD_COUNT.ts
FN:4,(anonymous_0)
FN:4,(anonymous_1)
FN:6,transformArguments
FNF:3
FNH:0
FNDA:0,(anonymous_0)
FNDA:0,(anonymous_1)
FNDA:0,transformArguments
DA:2,1
DA:4,1
DA:6,1
DA:10,0
LF:4
LH:3
BRF:0
BRH:0
end_of_record
TN:
SF:lib\commands\HRANDFIELD_COUNT_WITHVALUES.ts
FN:4,(anonymous_0)
FN:4,(anonymous_1)
FN:6,transformArguments
FN:16,(anonymous_3)
FNF:4
FNH:0
FNDA:0,(anonymous_0)
FNDA:0,(anonymous_1)
FNDA:0,transformArguments
FNDA:0,(anonymous_3)
DA:2,1
DA:4,1
DA:6,1
DA:10,0
DA:16,1
LF:5
LH:4
BRF:0
BRH:0
end_of_record
TN:
SF:lib\commands\HSCAN.ts
FN:8,transformArguments
FN:31,transformReply
FNF:2
FNH:0
FNDA:0,transformArguments
FNDA:0,transformReply
DA:2,1
DA:4,1
DA:6,1
DA:8,1
DA:13,0
DA:31,1
DA:32,0
DA:33,0
DA:34,0
DA:40,0
LF:10
LH:5
BRF:0
BRH:0
end_of_record
TN:
SF:lib\commands\HSET.ts
FN:19,transformArguments
FN:38,pushMap
FN:47,pushTuples
FN:58,pushObject
FN:67,convertValue
FNF:5
FNH:0
FNDA:0,transformArguments
FNDA:0,pushMap
FNDA:0,pushTuples
FNDA:0,pushObject
FNDA:0,convertValue
DA:3,1
DA:19,1
DA:20,0
DA:22,0
DA:23,0
DA:27,0
DA:28,0
DA:29,0
DA:30,0
DA:32,0
DA:35,0
DA:39,0
DA:40,0
DA:48,0
DA:49,0
DA:50,0
DA:51,0
DA:54,0
DA:59,0
DA:60,0
DA:68,0
LF:21
LH:2
BRDA:22,0,0,0
BRDA:22,0,1,0
BRDA:22,1,0,0
BRDA:22,1,1,0
BRDA:22,1,2,0
BRDA:27,2,0,0
BRDA:27,2,1,0
BRDA:29,3,0,0
BRDA:29,3,1,0
BRDA:49,4,0,0
BRDA:49,4,1,0
BRDA:68,5,0,0
BRDA:68,5,1,0
BRF:13
BRH:0
end_of_record
TN:
SF:lib\commands\HSETNX.ts
FN:5,transformArguments
FN:13,(anonymous_1)
FNF:2
FNH:0
FNDA:0,transformArguments
FNDA:0,(anonymous_1)
DA:3,1
DA:5,1
DA:10,0
DA:13,1
LF:4
LH:3
BRF:0
BRH:0
end_of_record
TN:
SF:lib\commands\HSTRLEN.ts
FN:5,transformArguments
FNF:1
FNH:0
FNDA:0,transformArguments
DA:3,1
DA:5,1
DA:9,0
LF:3
LH:2
BRF:0
BRH:0
end_of_record
TN:
SF:lib\commands\HVALS.ts
FN:5,transformArguments
FNF:1
FNH:0
FNDA:0,transformArguments
DA:3,1
DA:5,1
DA:6,0
LF:3
LH:2
BRF:0
BRH:0
end_of_record
TN:
SF:lib\commands\INCR.ts
FN:5,transformArguments
FNF:1
FNH:0
FNDA:0,transformArguments
DA:3,1
DA:5,1
DA:6,0
LF:3
LH:2
BRF:0
BRH:0
end_of_record
TN:
SF:lib\commands\INCRBY.ts
FN:5,transformArguments
FNF:1
FNH:0
FNDA:0,transformArguments
DA:3,1
DA:5,1
DA:9,0
LF:3
LH:2
BRF:0
BRH:0
end_of_record
TN:
SF:lib\commands\INCRBYFLOAT.ts
FN:5,transformArguments
FNF:1
FNH:0
FNDA:0,transformArguments
DA:3,1
DA:5,1
DA:9,0
LF:3
LH:2
BRF:0
BRH:0
end_of_record
TN:
SF:lib\commands\INFO.ts
FN:3,transformArguments
FNF:1
FNH:1
FNDA:2,transformArguments
DA:1,1
DA:3,1
DA:4,2
DA:6,2
DA:7,1
DA:10,2
LF:6
LH:6
BRDA:6,0,0,1
BRDA:6,0,1,1
BRF:2
BRH:2
end_of_record
TN:
SF:lib\commands\KEYS.ts
FN:3,transformArguments
FNF:1
FNH:0
FNDA:0,transformArguments
DA:3,1
DA:4,0
LF:2
LH:1
BRF:0
BRH:0
end_of_record
TN:
SF:lib\commands\LASTSAVE.ts
FN:3,transformArguments
FN:7,transformReply
FNF:2
FNH:0
FNDA:0,transformArguments
FNDA:0,transformReply
DA:1,1
DA:3,1
DA:4,0
DA:7,1
DA:8,0
LF:5
LH:3
BRF:0
BRH:0
end_of_record
TN:
SF:lib\commands\LATENCY_DOCTOR.ts
FN:1,transformArguments
FNF:1
FNH:0
FNDA:0,transformArguments
DA:1,1
DA:2,0
LF:2
LH:1
BRF:0
BRH:0
end_of_record
TN:
SF:lib\commands\LATENCY_GRAPH.ts
FN:21,transformArguments
FNF:1
FNH:0
FNDA:0,transformArguments
DA:21,1
DA:22,0
LF:2
LH:1
BRF:0
BRH:0
end_of_record
TN:
SF:lib\commands\LATENCY_LATEST.ts
FN:3,transformArguments
FNF:1
FNH:0
FNDA:0,transformArguments
DA:3,1
DA:4,0
LF:2
LH:1
BRF:0
BRH:0
end_of_record
TN:
SF:lib\commands\LCS.ts
FN:7,transformArguments
FNF:1
FNH:0
FNDA:0,transformArguments
DA:3,1
DA:5,1
DA:7,1
DA:11,0
LF:4
LH:3
BRF:0
BRH:0
end_of_record
TN:
SF:lib\commands\LCS_IDX.ts
FN:5,(anonymous_0)
FN:5,(anonymous_1)
FN:7,transformArguments
FN:34,transformReply
FN:36,(anonymous_4)
FNF:5
FNH:0
FNDA:0,(anonymous_0)
FNDA:0,(anonymous_1)
FNDA:0,transformArguments
FNDA:0,transformReply
FNDA:0,(anonymous_4)
DA:2,1
DA:3,1
DA:5,1
DA:7,1
DA:11,0
DA:12,0
DA:13,0
DA:34,1
DA:35,0
DA:36,0
LF:10
LH:5
BRF:0
BRH:0
end_of_record
TN:
SF:lib\commands\LCS_IDX_WITHMATCHLEN.ts
FN:5,(anonymous_0)
FN:5,(anonymous_1)
FN:7,transformArguments
FN:36,transformReply
FN:38,(anonymous_4)
FNF:5
FNH:0
FNDA:0,(anonymous_0)
FNDA:0,(anonymous_1)
FNDA:0,transformArguments
FNDA:0,transformReply
FNDA:0,(anonymous_4)
DA:2,1
DA:3,1
DA:5,1
DA:7,1
DA:11,0
DA:12,0
DA:13,0
DA:36,1
DA:37,0
DA:38,0
LF:10
LH:5
BRF:0
BRH:0
end_of_record
TN:
SF:lib\commands\LCS_LEN.ts
FN:4,(anonymous_0)
FN:4,(anonymous_1)
FN:6,transformArguments
FNF:3
FNH:0
FNDA:0,(anonymous_0)
FNDA:0,(anonymous_1)
FNDA:0,transformArguments
DA:2,1
DA:4,1
DA:6,1
DA:10,0
DA:11,0
DA:12,0
LF:6
LH:3
BRF:0
BRH:0
end_of_record
TN:
SF:lib\commands\LINDEX.ts
FN:7,transformArguments
FNF:1
FNH:0
FNDA:0,transformArguments
DA:3,1
DA:5,1
DA:7,1
DA:11,0
LF:4
LH:3
BRF:0
BRH:0
end_of_record
TN:
SF:lib\commands\LINSERT.ts
FN:7,transformArguments
FNF:1
FNH:0
FNDA:0,transformArguments
DA:3,1
DA:7,1
DA:13,0
LF:3
LH:2
BRF:0
BRH:0
end_of_record
TN:
SF:lib\commands\LLEN.ts
FN:7,transformArguments
FNF:1
FNH:0
FNDA:0,transformArguments
DA:3,1
DA:5,1
DA:7,1
DA:8,0
LF:4
LH:3
BRF:0
BRH:0
end_of_record
TN:
SF:lib\commands\LMOVE.ts
FN:6,transformArguments
FNF:1
FNH:0
FNDA:0,transformArguments
DA:4,1
DA:6,1
DA:12,0
LF:3
LH:2
BRF:0
BRH:0
end_of_record
TN:
SF:lib\commands\LMPOP.ts
FN:6,transformArguments
FNF:1
FNH:0
FNDA:0,transformArguments
DA:2,1
DA:4,1
DA:6,1
DA:11,0
LF:4
LH:3
BRF:0
BRH:0
end_of_record
TN:
SF:lib\commands\LOLWUT.ts
FN:5,transformArguments
FNF:1
FNH:0
FNDA:0,transformArguments
DA:3,1
DA:5,1
DA:6,0
DA:8,0
DA:9,0
DA:16,0
LF:6
LH:2
BRDA:8,0,0,0
BRDA:8,0,1,0
BRF:2
BRH:0
end_of_record
TN:
SF:lib\commands\LPOP.ts
FN:5,transformArguments
FNF:1
FNH:0
FNDA:0,transformArguments
DA:3,1
DA:5,1
DA:6,0
LF:3
LH:2
BRF:0
BRH:0
end_of_record
TN:
SF:lib\commands\LPOP_COUNT.ts
FN:5,transformArguments
FNF:1
FNH:0
FNDA:0,transformArguments
DA:3,1
DA:5,1
DA:9,0
LF:3
LH:2
BRF:0
BRH:0
end_of_record
TN:
SF:lib\commands\LPOS.ts
FN:12,transformArguments
FNF:1
FNH:0
FNDA:0,transformArguments
DA:3,1
DA:5,1
DA:12,1
DA:17,0
DA:19,0
DA:20,0
DA:23,0
DA:24,0
DA:27,0
LF:9
LH:3
BRDA:19,0,0,0
BRDA:19,0,1,0
BRDA:23,1,0,0
BRDA:23,1,1,0
BRF:4
BRH:0
end_of_record
TN:
SF:lib\commands\LPOS_COUNT.ts
FN:4,(anonymous_0)
FN:4,(anonymous_1)
FN:6,transformArguments
FNF:3
FNH:0
FNDA:0,(anonymous_0)
FNDA:0,(anonymous_1)
FNDA:0,transformArguments
DA:4,1
DA:6,1
DA:12,0
DA:14,0
DA:15,0
DA:18,0
DA:20,0
DA:21,0
DA:24,0
LF:9
LH:2
BRDA:14,0,0,0
BRDA:14,0,1,0
BRDA:20,1,0,0
BRDA:20,1,1,0
BRF:4
BRH:0
end_of_record
TN:
SF:lib\commands\LPUSH.ts
FN:6,transformArguments
FNF:1
FNH:0
FNDA:0,transformArguments
DA:2,1
DA:4,1
DA:6,1
DA:10,0
LF:4
LH:3
BRF:0
BRH:0
end_of_record
TN:
SF:lib\commands\LPUSHX.ts
FN:6,transformArguments
FNF:1
FNH:0
FNDA:0,transformArguments
DA:2,1
DA:4,1
DA:6,1
DA:10,0
LF:4
LH:3
BRF:0
BRH:0
end_of_record
TN:
SF:lib\commands\LRANGE.ts
FN:7,transformArguments
FNF:1
FNH:0
FNDA:0,transformArguments
DA:3,1
DA:5,1
DA:7,1
DA:12,0
LF:4
LH:3
BRF:0
BRH:0
end_of_record
TN:
SF:lib\commands\LREM.ts
FN:5,transformArguments
FNF:1
FNH:0
FNDA:0,transformArguments
DA:3,1
DA:5,1
DA:10,0
LF:3
LH:2
BRF:0
BRH:0
end_of_record
TN:
SF:lib\commands\LSET.ts
FN:5,transformArguments
FNF:1
FNH:0
FNDA:0,transformArguments
DA:3,1
DA:5,1
DA:10,0
LF:3
LH:2
BRF:0
BRH:0
end_of_record
TN:
SF:lib\commands\LTRIM.ts
FN:5,transformArguments
FNF:1
FNH:0
FNDA:0,transformArguments
DA:3,1
DA:5,1
DA:10,0
LF:3
LH:2
BRF:0
BRH:0
end_of_record
TN:
SF:lib\commands\MEMORY_DOCTOR.ts
FN:1,transformArguments
FNF:1
FNH:0
FNDA:0,transformArguments
DA:1,1
DA:2,0
LF:2
LH:1
BRF:0
BRH:0
end_of_record
TN:
SF:lib\commands\MEMORY_MALLOC-STATS.ts
FN:1,transformArguments
FNF:1
FNH:0
FNDA:0,transformArguments
DA:1,1
DA:2,0
LF:2
LH:1
BRF:0
BRH:0
end_of_record
TN:
SF:lib\commands\MEMORY_PURGE.ts
FN:1,transformArguments
FNF:1
FNH:0
FNDA:0,transformArguments
DA:1,1
DA:2,0
LF:2
LH:1
BRF:0
BRH:0
end_of_record
TN:
SF:lib\commands\MEMORY_STATS.ts
FN:1,transformArguments
FN:71,transformReply
FNF:2
FNH:2
FNDA:1,transformArguments
FNDA:1,transformReply
DA:1,1
DA:2,1
DA:39,1
DA:66,1
DA:71,1
DA:72,1
DA:76,1
DA:77,26
DA:78,26
DA:79,1
DA:80,1
DA:81,1
DA:82,2
DA:85,1
DA:86,1
DA:89,25
DA:92,1
LF:17
LH:17
BRDA:78,0,0,1
BRDA:78,0,1,25
BRF:2
BRH:2
end_of_record
TN:
SF:lib\commands\MEMORY_USAGE.ts
FN:9,transformArguments
FNF:1
FNH:0
FNDA:0,transformArguments
DA:1,1
DA:3,1
DA:9,1
DA:10,0
DA:12,0
DA:13,0
DA:16,0
LF:7
LH:3
BRDA:12,0,0,0
BRDA:12,0,1,0
BRF:2
BRH:0
end_of_record
TN:
SF:lib\commands\MGET.ts
FN:7,transformArguments
FNF:1
FNH:0
FNDA:0,transformArguments
DA:3,1
DA:5,1
DA:7,1
DA:10,0
LF:4
LH:3
BRF:0
BRH:0
end_of_record
TN:
SF:lib\commands\MIGRATE.ts
FN:10,transformArguments
FNF:1
FNH:1
FNDA:7,transformArguments
DA:10,1
DA:18,7
DA:19,7
DA:21,7
DA:22,1
DA:24,6
DA:27,7
DA:32,7
DA:33,2
DA:36,7
DA:37,2
DA:40,7
DA:41,3
DA:42,1
DA:48,2
DA:55,7
DA:56,1
DA:62,7
LF:18
LH:18
BRDA:21,0,0,1
BRDA:21,0,1,6
BRDA:32,1,0,2
BRDA:32,1,1,5
BRDA:36,2,0,2
BRDA:36,2,1,5
BRDA:40,3,0,3
BRDA:40,3,1,4
BRDA:41,4,0,1
BRDA:41,4,1,2
BRDA:55,5,0,1
BRDA:55,5,1,6
BRF:12
BRH:12
end_of_record
TN:
SF:lib\commands\MODULE_LIST.ts
FN:1,transformArguments
FNF:1
FNH:1
FNDA:1,transformArguments
DA:1,1
DA:2,1
LF:2
LH:2
BRF:0
BRH:0
[...]
DA:15,0
DA:17,0
DA:18,0
DA:21,0
LF:6
LH:2
BRDA:17,0,0,0
BRDA:17,0,1,0
BRF:2
BRH:0
end_of_record
TN:
SF:lib\commands\XGROUP_CREATECONSUMER.ts
FN:5,transformArguments
FN:13,(anonymous_1)
FNF:2
FNH:0
FNDA:0,transformArguments
FNDA:0,(anonymous_1)
DA:3,1
DA:5,1
DA:10,0
DA:13,1
LF:4
LH:3
BRF:0
BRH:0
end_of_record
TN:
SF:lib\commands\XGROUP_DELCONSUMER.ts
FN:5,transformArguments
FNF:1
FNH:0
FNDA:0,transformArguments
DA:3,1
DA:5,1
DA:10,0
LF:3
LH:2
BRF:0
BRH:0
end_of_record
TN:
SF:lib\commands\XGROUP_DESTROY.ts
FN:5,transformArguments
FN:12,(anonymous_1)
FNF:2
FNH:0
FNDA:0,transformArguments
FNDA:0,(anonymous_1)
DA:3,1
DA:5,1
DA:9,0
DA:12,1
LF:4
LH:3
BRF:0
BRH:0
end_of_record
TN:
SF:lib\commands\XGROUP_SETID.ts
FN:5,transformArguments
FNF:1
FNH:0
FNDA:0,transformArguments
DA:3,1
DA:5,1
DA:10,0
LF:3
LH:2
BRF:0
BRH:0
end_of_record
TN:
SF:lib\commands\XINFO_CONSUMERS.ts
FN:7,transformArguments
FN:21,transformReply
FN:22,(anonymous_2)
FNF:3
FNH:0
FNDA:0,transformArguments
FNDA:0,transformReply
FNDA:0,(anonymous_2)
DA:3,1
DA:5,1
DA:7,1
DA:11,0
DA:21,1
DA:22,0
LF:6
LH:4
BRF:0
BRH:0
end_of_record
TN:
SF:lib\commands\XINFO_GROUPS.ts
FN:7,transformArguments
FN:18,transformReply
FN:19,(anonymous_2)
FNF:3
FNH:0
FNDA:0,transformArguments
FNDA:0,transformReply
FNDA:0,(anonymous_2)
DA:3,1
DA:5,1
DA:7,1
DA:8,0
DA:18,1
DA:19,0
LF:6
LH:4
BRF:0
BRH:0
end_of_record
TN:
SF:lib\commands\XINFO_STREAM.ts
FN:8,transformArguments
FN:22,transformReply
FNF:2
FNH:0
FNDA:0,transformArguments
FNDA:0,transformReply
DA:2,1
DA:4,1
DA:6,1
DA:8,1
DA:9,0
DA:22,1
DA:23,0
DA:25,0
DA:26,0
DA:28,0
DA:29,0
DA:32,0
DA:33,0
DA:36,0
DA:37,0
DA:40,0
DA:41,0
DA:44,0
DA:45,0
DA:48,0
DA:52,0
DA:55,0
DA:59,0
DA:63,0
LF:24
LH:5
BRDA:26,0,0,0
BRDA:26,0,1,0
BRDA:26,0,2,0
BRDA:26,0,3,0
BRDA:26,0,4,0
BRDA:26,0,5,0
BRDA:26,0,6,0
BRDA:48,1,0,0
BRDA:48,1,1,0
BRDA:55,2,0,0
BRDA:55,2,1,0
BRF:11
BRH:0
end_of_record
TN:
SF:lib\commands\XLEN.ts
FN:7,transformArguments
FNF:1
FNH:0
FNDA:0,transformArguments
DA:3,1
DA:5,1
DA:7,1
DA:8,0
LF:4
LH:3
BRF:0
BRH:0
end_of_record
TN:
SF:lib\commands\XPENDING.ts
FN:7,transformArguments
FN:34,transformReply
FN:39,(anonymous_2)
FNF:3
FNH:1
FNDA:1,transformArguments
FNDA:0,transformReply
FNDA:0,(anonymous_2)
DA:3,1
DA:5,1
DA:7,1
DA:11,1
DA:34,1
DA:35,0
DA:39,0
LF:7
LH:5
BRDA:39,0,0,0
BRDA:39,0,1,0
BRF:2
BRH:0
end_of_record
TN:
SF:lib\commands\XPENDING_RANGE.ts
FN:12,transformArguments
FN:49,transformReply
FN:50,(anonymous_2)
FNF:3
FNH:0
FNDA:0,transformArguments
FNDA:0,transformReply
FNDA:0,(anonymous_2)
DA:3,1
DA:5,1
DA:12,1
DA:20,0
DA:22,0
DA:23,0
DA:26,0
DA:28,0
DA:29,0
DA:32,0
DA:49,1
DA:50,0
LF:12
LH:4
BRDA:22,0,0,0
BRDA:22,0,1,0
BRDA:28,1,0,0
BRDA:28,1,1,0
BRF:4
BRH:0
end_of_record
TN:
SF:lib\commands\XRANGE.ts
FN:11,transformArguments
FN:26,(anonymous_1)
FNF:2
FNH:0
FNDA:0,transformArguments
FNDA:0,(anonymous_1)
DA:3,1
DA:5,1
DA:11,1
DA:17,0
DA:19,0
DA:20,0
DA:23,0
DA:26,1
LF:8
LH:4
BRDA:19,0,0,0
BRDA:19,0,1,0
BRF:2
BRH:0
end_of_record
TN:
SF:lib\commands\XREAD.ts
FN:3,(anonymous_0)
FN:19,transformArguments
FN:46,(anonymous_2)
FNF:3
FNH:0
FNDA:0,(anonymous_0)
FNDA:0,transformArguments
FNDA:0,(anonymous_2)
DA:3,1
DA:4,0
DA:7,1
DA:19,1
DA:23,0
DA:25,0
DA:26,0
DA:29,0
DA:30,0
DA:33,0
DA:35,0
DA:36,0
DA:37,0
DA:38,0
DA:39,0
DA:40,0
DA:43,0
DA:46,1
LF:18
LH:4
BRDA:4,0,0,0
BRDA:4,0,1,0
BRDA:25,1,0,0
BRDA:25,1,1,0
BRDA:29,2,0,0
BRDA:29,2,1,0
BRDA:35,3,0,0
BRDA:35,3,1,0
BRF:8
BRH:0
end_of_record
TN:
SF:lib\commands\XREADGROUP.ts
FN:14,(anonymous_0)
FN:24,transformArguments
FN:57,(anonymous_2)
FNF:3
FNH:0
FNDA:0,(anonymous_0)
FNDA:0,transformArguments
FNDA:0,(anonymous_2)
DA:14,1
DA:19,0
DA:22,1
DA:24,1
DA:30,0
DA:32,0
DA:33,0
DA:36,0
DA:37,0
DA:40,0
DA:41,0
DA:44,0
DA:46,0
DA:47,0
DA:48,0
DA:49,0
DA:50,0
DA:51,0
DA:54,0
DA:57,1
LF:20
LH:4
BRDA:19,0,0,0
BRDA:19,0,1,0
BRDA:32,1,0,0
BRDA:32,1,1,0
BRDA:36,2,0,0
BRDA:36,2,1,0
BRDA:40,3,0,0
BRDA:40,3,1,0
BRDA:46,4,0,0
BRDA:46,4,1,0
BRF:10
BRH:0
end_of_record
TN:
SF:lib\commands\XREVRANGE.ts
FN:11,transformArguments
FN:26,(anonymous_1)
FNF:2
FNH:0
FNDA:0,transformArguments
FNDA:0,(anonymous_1)
DA:3,1
DA:5,1
DA:11,1
DA:17,0
DA:19,0
DA:20,0
DA:23,0
DA:26,1
LF:8
LH:4
BRDA:19,0,0,0
BRDA:19,0,1,0
BRF:2
BRH:0
end_of_record
TN:
SF:lib\commands\XSETID.ts
FN:10,transformArguments
FNF:1
FNH:0
FNDA:0,transformArguments
DA:3,1
DA:10,1
DA:15,0
DA:17,0
DA:18,0
DA:21,0
DA:22,0
DA:25,0
LF:8
LH:2
BRDA:17,0,0,0
BRDA:17,0,1,0
BRDA:21,1,0,0
BRDA:21,1,1,0
BRF:4
BRH:0
end_of_record
TN:
SF:lib\commands\XTRIM.ts
FN:10,transformArguments
FNF:1
FNH:0
FNDA:0,transformArguments
DA:3,1
DA:10,1
DA:16,0
DA:18,0
DA:19,0
DA:22,0
DA:24,0
DA:25,0
DA:28,0
LF:9
LH:2
BRDA:18,0,0,0
BRDA:18,0,1,0
BRDA:24,1,0,0
BRDA:24,1,1,0
BRF:4
BRH:0
end_of_record
TN:
SF:lib\commands\ZADD.ts
FN:32,transformArguments
FN:71,(anonymous_1)
FNF:2
FNH:0
FNDA:0,transformArguments
FNDA:0,(anonymous_1)
DA:2,1
DA:4,1
DA:32,1
DA:37,0
DA:39,0
DA:40,0
DA:42,0
DA:43,0
DA:46,0
DA:47,0
DA:48,0
DA:49,0
DA:53,0
DA:54,0
DA:57,0
DA:58,0
DA:61,0
DA:62,0
DA:68,0
DA:71,1
LF:20
LH:4
BRDA:39,0,0,0
BRDA:39,0,1,0
BRDA:42,1,0,0
BRDA:42,1,1,0
BRDA:46,2,0,0
BRDA:46,2,1,0
BRDA:48,3,0,0
BRDA:48,3,1,0
BRDA:53,4,0,0
BRDA:53,4,1,0
BRDA:57,5,0,0
BRDA:57,5,1,0
BRDA:61,6,0,0
BRDA:61,6,1,0
BRF:14
BRH:0
end_of_record
TN:
SF:lib\commands\ZCARD.ts
FN:7,transformArguments
FNF:1
FNH:0
FNDA:0,transformArguments
DA:3,1
DA:5,1
DA:7,1
DA:8,0
LF:4
LH:3
BRF:0
BRH:0
end_of_record
TN:
SF:lib\commands\ZCOUNT.ts
FN:8,transformArguments
FNF:1
FNH:0
FNDA:0,transformArguments
DA:2,1
DA:4,1
DA:6,1
DA:8,1
DA:13,0
LF:5
LH:4
BRF:0
BRH:0
end_of_record
TN:
SF:lib\commands\ZDIFF.ts
FN:8,transformArguments
FNF:1
FNH:0
FNDA:0,transformArguments
DA:2,1
DA:4,1
DA:6,1
DA:8,1
DA:11,0
LF:5
LH:4
BRF:0
BRH:0
end_of_record
TN:
SF:lib\commands\ZDIFFSTORE.ts
FN:6,transformArguments
FNF:1
FNH:0
FNDA:0,transformArguments
DA:2,1
DA:4,1
DA:6,1
DA:10,0
LF:4
LH:3
BRF:0
BRH:0
end_of_record
TN:
SF:lib\commands\ZDIFF_WITHSCORES.ts
FN:4,(anonymous_0)
FN:4,(anonymous_1)
FN:6,transformArguments
FN:13,(anonymous_3)
FNF:4
FNH:0
FNDA:0,(anonymous_0)
FNDA:0,(anonymous_1)
FNDA:0,transformArguments
FNDA:0,(anonymous_3)
DA:2,1
DA:4,1
DA:6,1
DA:7,0
DA:13,1
LF:5
LH:4
BRF:0
BRH:0
end_of_record
TN:
SF:lib\commands\ZINCRBY.ts
FN:6,transformArguments
FN:19,(anonymous_1)
FNF:2
FNH:0
FNDA:0,transformArguments
FNDA:0,(anonymous_1)
DA:2,1
DA:4,1
DA:6,1
DA:11,0
DA:19,1
LF:5
LH:4
BRF:0
BRH:0
end_of_record
TN:
SF:lib\commands\ZINTER.ts
FN:13,transformArguments
FN:22,(anonymous_1)
FNF:2
FNH:0
FNDA:0,transformArguments
FNDA:0,(anonymous_1)
DA:2,1
DA:4,1
DA:6,1
DA:13,1
DA:17,0
DA:19,0
DA:20,0
DA:22,0
DA:26,0
DA:27,0
DA:30,0
LF:11
LH:4
BRDA:19,0,0,0
BRDA:19,0,1,0
BRDA:26,1,0,0
BRDA:26,1,1,0
BRF:4
BRH:0
end_of_record
TN:
SF:lib\commands\ZINTERCARD.ts
FN:8,transformArguments
FNF:1
FNH:0
FNDA:0,transformArguments
DA:2,1
DA:4,1
DA:6,1
DA:8,1
DA:12,0
DA:14,0
DA:15,0
DA:18,0
LF:8
LH:4
BRDA:14,0,0,0
BRDA:14,0,1,0
BRF:2
BRH:0
end_of_record
TN:
SF:lib\commands\ZINTERSTORE.ts
FN:11,transformArguments
FN:21,(anonymous_1)
FNF:2
FNH:0
FNDA:0,transformArguments
FNDA:0,(anonymous_1)
DA:2,1
DA:4,1
DA:11,1
DA:16,0
DA:18,0
DA:19,0
DA:21,0
DA:25,0
DA:26,0
DA:29,0
LF:10
LH:3
BRDA:18,0,0,0
BRDA:18,0,1,0
BRDA:25,1,0,0
BRDA:25,1,1,0
BRF:4
BRH:0
end_of_record
TN:
SF:lib\commands\ZINTER_WITHSCORES.ts
FN:4,(anonymous_0)
FN:4,(anonymous_1)
FN:6,transformArguments
FN:13,(anonymous_3)
FNF:4
FNH:0
FNDA:0,(anonymous_0)
FNDA:0,(anonymous_1)
FNDA:0,transformArguments
FNDA:0,(anonymous_3)
DA:2,1
DA:4,1
DA:6,1
DA:7,0
DA:13,1
LF:5
LH:4
BRF:0
BRH:0
end_of_record
TN:
SF:lib\commands\ZLEXCOUNT.ts
FN:7,transformArguments
FNF:1
FNH:0
FNDA:0,transformArguments
DA:3,1
DA:5,1
DA:7,1
DA:12,0
LF:4
LH:3
BRF:0
BRH:0
end_of_record
TN:
SF:lib\commands\ZMPOP.ts
FN:6,transformArguments
FN:29,transformReply
FNF:2
FNH:0
FNDA:0,transformArguments
FNDA:0,transformReply
DA:2,1
DA:4,1
DA:6,1
DA:11,0
DA:29,1
DA:30,0
LF:6
LH:4
BRDA:30,0,0,0
BRDA:30,0,1,0
BRF:2
BRH:0
end_of_record
TN:
SF:lib\commands\ZMSCORE.ts
FN:8,transformArguments
FN:15,(anonymous_1)
FNF:2
FNH:0
FNDA:0,transformArguments
FNDA:0,(anonymous_1)
DA:2,1
DA:4,1
DA:6,1
DA:8,1
DA:12,0
DA:15,1
LF:6
LH:5
BRF:0
BRH:0
end_of_record
TN:
SF:lib\commands\ZPOPMAX.ts
FN:5,transformArguments
FN:12,(anonymous_1)
FNF:2
FNH:2
FNDA:1,transformArguments
FNDA:1,(anonymous_1)
DA:3,1
DA:5,1
DA:6,1
DA:12,2
LF:4
LH:4
BRF:0
BRH:0
end_of_record
TN:
SF:lib\commands\ZPOPMAX_COUNT.ts
FN:4,(anonymous_0)
FN:6,transformArguments
FN:16,(anonymous_2)
FNF:3
FNH:0
FNDA:0,(anonymous_0)
FNDA:0,transformArguments
FNDA:0,(anonymous_2)
DA:2,1
DA:4,1
DA:6,1
DA:10,0
DA:16,1
LF:5
LH:4
BRF:0
BRH:0
end_of_record
TN:
SF:lib\commands\ZPOPMIN.ts
FN:5,transformArguments
FN:12,(anonymous_1)
FNF:2
FNH:2
FNDA:1,transformArguments
FNDA:1,(anonymous_1)
DA:3,1
DA:5,1
DA:6,1
DA:12,2
LF:4
LH:4
BRF:0
BRH:0
end_of_record
TN:
SF:lib\commands\ZPOPMIN_COUNT.ts
FN:4,(anonymous_0)
FN:6,transformArguments
FN:16,(anonymous_2)
FNF:3
FNH:0
FNDA:0,(anonymous_0)
FNDA:0,transformArguments
FNDA:0,(anonymous_2)
DA:2,1
DA:4,1
DA:6,1
DA:10,0
DA:16,1
LF:5
LH:4
BRF:0
BRH:0
end_of_record
TN:
SF:lib\commands\ZRANDMEMBER.ts
FN:7,transformArguments
FNF:1
FNH:0
FNDA:0,transformArguments
DA:3,1
DA:5,1
DA:7,1
DA:8,0
LF:4
LH:3
BRF:0
BRH:0
end_of_record
TN:
SF:lib\commands\ZRANDMEMBER_COUNT.ts
FN:4,(anonymous_0)
FN:4,(anonymous_1)
FN:6,transformArguments
FNF:3
FNH:0
FNDA:0,(anonymous_0)
FNDA:0,(anonymous_1)
FNDA:0,transformArguments
DA:2,1
DA:4,1
DA:6,1
DA:10,0
LF:4
LH:3
BRF:0
BRH:0
end_of_record
TN:
SF:lib\commands\ZRANDMEMBER_COUNT_WITHSCORES.ts
FN:4,(anonymous_0)
FN:4,(anonymous_1)
FN:6,transformArguments
FN:13,(anonymous_3)
FNF:4
FNH:0
FNDA:0,(anonymous_0)
FNDA:0,(anonymous_1)
FNDA:0,transformArguments
FNDA:0,(anonymous_3)
DA:2,1
DA:4,1
DA:6,1
DA:7,0
DA:13,1
LF:5
LH:4
BRF:0
BRH:0
end_of_record
TN:
SF:lib\commands\ZRANGE.ts
FN:18,transformArguments
FNF:1
FNH:0
FNDA:0,transformArguments
DA:2,1
DA:4,1
DA:6,1
DA:18,1
DA:24,0
DA:31,0
DA:33,0
DA:34,0
DA:37,0
DA:38,0
DA:41,0
DA:42,0
DA:45,0
DA:46,0
DA:49,0
DA:50,0
DA:53,0
LF:17
LH:4
BRDA:31,0,0,0
BRDA:31,0,1,0
BRDA:41,1,0,0
BRDA:41,1,1,0
BRDA:45,2,0,0
BRDA:45,2,1,0
BRDA:49,3,0,0
BRDA:49,3,1,0
BRF:8
BRH:0
end_of_record
TN:
SF:lib\commands\ZRANGEBYLEX.ts
FN:15,transformArguments
FNF:1
FNH:0
FNDA:0,transformArguments
DA:2,1
DA:4,1
DA:6,1
DA:15,1
DA:21,0
DA:28,0
DA:29,0
DA:32,0
LF:8
LH:4
BRDA:28,0,0,0
BRDA:28,0,1,0
BRF:2
BRH:0
end_of_record
TN:
SF:lib\commands\ZRANGEBYSCORE.ts
FN:15,transformArguments
FNF:1
FNH:0
FNDA:0,transformArguments
DA:2,1
DA:4,1
DA:6,1
DA:15,1
DA:21,0
DA:28,0
DA:29,0
DA:32,0
LF:8
LH:4
BRDA:28,0,0,0
BRDA:28,0,1,0
BRF:2
BRH:0
end_of_record
TN:
SF:lib\commands\ZRANGEBYSCORE_WITHSCORES.ts
FN:4,(anonymous_0)
FN:4,(anonymous_1)
FN:6,transformArguments
FN:18,(anonymous_3)
FNF:4
FNH:0
FNDA:0,(anonymous_0)
FNDA:0,(anonymous_1)
FNDA:0,transformArguments
FNDA:0,(anonymous_3)
DA:2,1
DA:4,1
DA:6,1
DA:12,0
DA:18,1
LF:5
LH:4
BRF:0
BRH:0
end_of_record
TN:
SF:lib\commands\ZRANGESTORE.ts
FN:16,transformArguments
FN:56,transformReply
FNF:2
FNH:0
FNDA:0,transformArguments
FNDA:0,transformReply
DA:2,1
DA:4,1
DA:16,1
DA:23,0
DA:31,0
DA:33,0
DA:34,0
DA:37,0
DA:38,0
DA:41,0
DA:42,0
DA:45,0
DA:46,0
DA:49,0
DA:50,0
DA:53,0
DA:56,1
DA:57,0
DA:58,0
DA:61,0
LF:20
LH:4
BRDA:31,0,0,0
BRDA:31,0,1,0
BRDA:41,1,0,0
BRDA:41,1,1,0
BRDA:45,2,0,0
BRDA:45,2,1,0
BRDA:49,3,0,0
BRDA:49,3,1,0
BRDA:57,4,0,0
BRDA:57,4,1,0
BRF:10
BRH:0
end_of_record
TN:
SF:lib\commands\ZRANGE_WITHSCORES.ts
FN:4,(anonymous_0)
FN:4,(anonymous_1)
FN:6,transformArguments
FN:13,(anonymous_3)
FNF:4
FNH:0
FNDA:0,(anonymous_0)
FNDA:0,(anonymous_1)
FNDA:0,transformArguments
FNDA:0,(anonymous_3)
DA:2,1
DA:4,1
DA:6,1
DA:7,0
DA:13,1
LF:5
LH:4
BRF:0
BRH:0
end_of_record
TN:
SF:lib\commands\ZRANK.ts
FN:7,transformArguments
FNF:1
FNH:0
FNDA:0,transformArguments
DA:3,1
DA:5,1
DA:7,1
DA:11,0
LF:4
LH:3
BRF:0
BRH:0
end_of_record
TN:
SF:lib\commands\ZREM.ts
FN:6,transformArguments
FNF:1
FNH:0
FNDA:0,transformArguments
DA:2,1
DA:4,1
DA:6,1
DA:10,0
LF:4
LH:3
BRF:0
BRH:0
end_of_record
TN:
SF:lib\commands\ZREMRANGEBYLEX.ts
FN:6,transformArguments
FNF:1
FNH:0
FNDA:0,transformArguments
DA:2,1
DA:4,1
DA:6,1
DA:11,0
LF:4
LH:3
BRF:0
BRH:0
end_of_record
TN:
SF:lib\commands\ZREMRANGEBYRANK.ts
FN:5,transformArguments
FNF:1
FNH:0
FNDA:0,transformArguments
DA:3,1
DA:5,1
DA:10,0
LF:3
LH:2
BRF:0
BRH:0
end_of_record
TN:
SF:lib\commands\ZREMRANGEBYSCORE.ts
FN:6,transformArguments
FNF:1
FNH:0
FNDA:0,transformArguments
DA:2,1
DA:4,1
DA:6,1
DA:11,0
LF:4
LH:3
BRF:0
BRH:0
end_of_record
TN:
SF:lib\commands\ZREVRANK.ts
FN:7,transformArguments
FNF:1
FNH:0
FNDA:0,transformArguments
DA:3,1
DA:5,1
DA:7,1
DA:11,0
LF:4
LH:3
BRF:0
BRH:0
end_of_record
TN:
SF:lib\commands\ZSCAN.ts
FN:8,transformArguments
FN:26,transformReply
FNF:2
FNH:0
FNDA:0,transformArguments
FNDA:0,transformReply
DA:2,1
DA:4,1
DA:6,1
DA:8,1
DA:13,0
DA:26,1
DA:27,0
DA:28,0
DA:29,0
DA:35,0
LF:10
LH:5
BRF:0
BRH:0
end_of_record
TN:
SF:lib\commands\ZSCORE.ts
FN:7,transformArguments
FN:14,(anonymous_1)
FNF:2
FNH:0
FNDA:0,transformArguments
FNDA:0,(anonymous_1)
DA:3,1
DA:5,1
DA:7,1
DA:11,0
DA:14,1
LF:5
LH:4
BRF:0
BRH:0
end_of_record
TN:
SF:lib\commands\ZUNION.ts
FN:13,transformArguments
FN:20,(anonymous_1)
FNF:2
FNH:0
FNDA:0,transformArguments
FNDA:0,(anonymous_1)
DA:2,1
DA:4,1
DA:6,1
DA:13,1
DA:17,0
DA:19,0
DA:20,0
DA:23,0
DA:24,0
DA:27,0
LF:10
LH:4
BRDA:19,0,0,0
BRDA:19,0,1,0
BRDA:23,1,0,0
BRDA:23,1,1,0
BRF:4
BRH:0
end_of_record
TN:
SF:lib\commands\ZUNIONSTORE.ts
FN:11,transformArguments
FN:19,(anonymous_1)
FNF:2
FNH:0
FNDA:0,transformArguments
FNDA:0,(anonymous_1)
DA:2,1
DA:4,1
DA:11,1
DA:16,0
DA:18,0
DA:19,0
DA:22,0
DA:23,0
DA:26,0
LF:9
LH:3
BRDA:18,0,0,0
BRDA:18,0,1,0
BRDA:22,1,0,0
BRDA:22,1,1,0
BRF:4
BRH:0
end_of_record
TN:
SF:lib\commands\ZUNION_WITHSCORES.ts
FN:4,(anonymous_0)
FN:4,(anonymous_1)
FN:6,transformArguments
FN:13,(anonymous_3)
FNF:4
FNH:0
FNDA:0,(anonymous_0)
FNDA:0,(anonymous_1)
FNDA:0,transformArguments
FNDA:0,(anonymous_3)
DA:2,1
DA:4,1
DA:6,1
DA:7,0
DA:13,1
LF:5
LH:4
BRF:0
BRH:0
end_of_record
TN:
SF:lib\commands\generic-transformers.ts
FN:3,transformBooleanReply
FN:7,transformBooleanArrayReply
FN:18,pushScanArguments
FN:36,transformNumberInfinityReply
FN:49,transformNumberInfinityNullReply
FN:55,transformNumberInfinityNullArrayReply
FN:59,transformNumberInfinityArgument
FN:72,transformStringNumberInfinityArgument
FN:78,transformTuplesReply
FN:97,transformStreamMessagesReply
FN:115,transformStreamsMessagesReply
FN:118,(anonymous_11)
FN:129,transformSortedSetMemberNullReply
FN:137,transformSortedSetMemberReply
FN:146,transformSortedSetWithScoresReply
FN:165,transformZMPopArguments
FN:188,transformLMPopArguments
FN:210,pushGeoCountArgument
FN:256,pushGeoSearchArguments
FN:288,pushGeoRadiusArguments
FN:325,pushGeoRadiusStoreArguments
FN:345,(anonymous_21)
FN:361,transformGeoMembersWithReply
FN:369,(anonymous_23)
FN:394,transformEXAT
FN:398,transformPXAT
FN:407,evalFirstKeyIndex
FN:411,pushEvalArguments
FN:428,pushVerdictArguments
FN:439,pushVerdictNumberArguments
FN:454,pushVerdictArgument
FN:467,pushOptionalVerdictArgument
FN:479,(anonymous_32)
FN:496,(anonymous_33)
FN:540,transformCommandReply
FN:555,(anonymous_35)
FN:588,transformFunctionListItemReply
FN:592,(anonymous_37)
FN:611,pushSortArguments
FN:649,pushSlotRangeArguments
FN:659,pushSlotRangesArguments
FN:684,transformRangeReply
FNF:42
FNH:32
FNDA:4,transformBooleanReply
FNDA:2,transformBooleanArrayReply
FNDA:4,pushScanArguments
FNDA:9,transformNumberInfinityReply
FNDA:2,transformNumberInfinityNullReply
FNDA:0,transformNumberInfinityNullArrayReply
FNDA:4,transformNumberInfinityArgument
FNDA:2,transformStringNumberInfinityArgument
FNDA:6,transformTuplesReply
FNDA:3,transformStreamMessagesReply
FNDA:2,transformStreamsMessagesReply
FNDA:2,(anonymous_11)
FNDA:2,transformSortedSetMemberNullReply
FNDA:2,transformSortedSetMemberReply
FNDA:1,transformSortedSetWithScoresReply
FNDA:0,transformZMPopArguments
FNDA:0,transformLMPopArguments
FNDA:8,pushGeoCountArgument
FNDA:3,pushGeoSearchArguments
FNDA:0,pushGeoRadiusArguments
FNDA:0,pushGeoRadiusStoreArguments
FNDA:1,(anonymous_21)
FNDA:4,transformGeoMembersWithReply
FNDA:8,(anonymous_23)
FNDA:2,transformEXAT
FNDA:2,transformPXAT
FNDA:0,evalFirstKeyIndex
FNDA:6,pushEvalArguments
FNDA:6,pushVerdictArguments
FNDA:6,pushVerdictNumberArguments
FNDA:4,pushVerdictArgument
FNDA:3,pushOptionalVerdictArgument
FNDA:1,(anonymous_32)
FNDA:1,(anonymous_33)
FNDA:1,transformCommandReply
FNDA:1,(anonymous_35)
FNDA:0,transformFunctionListItemReply
FNDA:0,(anonymous_37)
FNDA:0,pushSortArguments
FNDA:9,pushSlotRangeArguments
FNDA:6,pushSlotRangesArguments
FNDA:0,transformRangeReply
DA:3,1
DA:4,4
DA:7,1
DA:8,2
DA:18,1
DA:23,4
DA:25,4
DA:26,2
DA:29,4
DA:30,2
DA:33,4
DA:36,1
DA:37,9
DA:39,2
DA:42,2
DA:45,5
DA:49,1
DA:50,2
DA:52,1
DA:55,1
DA:56,0
DA:59,1
DA:60,4
DA:62,1
DA:65,1
DA:68,2
DA:72,1
DA:73,2
DA:75,1
DA:78,1
DA:81,6
DA:83,6
DA:84,8
DA:87,6
DA:97,1
DA:98,3
DA:100,3
DA:101,5
DA:107,3
DA:115,1
DA:116,2
DA:118,2
DA:129,1
DA:132,2
DA:134,2
DA:137,1
DA:140,2
DA:146,1
DA:147,1
DA:149,1
DA:150,3
DA:156,1
DA:165,1
DA:171,0
DA:173,0
DA:175,0
DA:176,0
DA:179,0
DA:188,1
DA:194,0
DA:196,0
DA:198,0
DA:199,0
DA:202,0
DA:210,1
DA:214,8
DA:215,2
DA:216,6
DA:217,2
DA:219,2
DA:220,1
DA:224,8
DA:256,1
DA:263,3
DA:265,3
DA:266,2
DA:268,1
DA:271,3
DA:272,2
DA:274,1
DA:277,3
DA:279,3
DA:280,1
DA:283,3
DA:285,3
DA:288,1
DA:296,0
DA:298,0
DA:299,0
DA:301,0
DA:307,0
DA:312,0
DA:313,0
DA:316,0
DA:318,0
DA:325,1
DA:334,0
DA:336,0
DA:337,0
DA:339,0
DA:342,0
DA:345,1
DA:346,1
DA:347,1
DA:348,1
DA:361,1
DA:362,4
DA:364,4
DA:365,4
DA:366,4
DA:367,4
DA:369,4
DA:370,8
DA:374,8
DA:375,4
DA:378,8
DA:379,4
DA:382,8
DA:383,4
DA:384,4
DA:390,8
DA:394,1
DA:395,2
DA:398,1
DA:399,2
DA:407,1
DA:408,0
DA:411,1
DA:412,6
DA:413,4
DA:418,2
DA:421,6
DA:422,4
DA:425,6
DA:428,1
DA:429,6
DA:431,3
DA:433,3
DA:436,6
DA:439,1
DA:443,6
DA:444,3
DA:445,6
DA:448,3
DA:451,6
DA:454,1
DA:458,4
DA:459,2
DA:461,2
DA:464,4
DA:467,1
DA:472,3
DA:474,2
DA:476,2
DA:479,1
DA:480,1
DA:481,1
DA:482,1
DA:483,1
DA:484,1
DA:485,1
DA:486,1
DA:487,1
DA:488,1
DA:489,1
DA:490,1
DA:491,1
DA:492,1
DA:493,1
DA:496,1
DA:497,1
DA:498,1
DA:499,1
DA:500,1
DA:501,1
DA:502,1
DA:503,1
DA:504,1
DA:505,1
DA:506,1
DA:507,1
DA:508,1
DA:509,1
DA:510,1
DA:511,1
DA:512,1
DA:513,1
DA:514,1
DA:515,1
DA:516,1
DA:517,1
DA:540,1
DA:544,1
DA:555,1
DA:556,1
DA:557,1
DA:558,1
DA:559,1
DA:588,1
DA:589,0
DA:592,0
DA:611,1
DA:615,0
DA:616,0
DA:619,0
DA:620,0
DA:627,0
DA:628,0
DA:629,0
DA:633,0
DA:634,0
DA:637,0
DA:638,0
DA:641,0
DA:653,9
DA:659,1
DA:663,6
DA:664,3
DA:665,6
DA:668,3
DA:671,6
DA:684,1
DA:685,0
LF:223
LH:182
BRDA:25,0,0,2
BRDA:25,0,1,2
BRDA:29,1,0,2
BRDA:29,1,1,2
BRDA:37,2,0,2
BRDA:37,2,1,2
BRDA:37,2,2,5
BRDA:50,3,0,1
BRDA:50,3,1,1
BRDA:60,4,0,1
BRDA:60,4,1,1
BRDA:60,4,2,2
BRDA:73,5,0,1
BRDA:73,5,1,1
BRDA:116,6,0,1
BRDA:116,6,1,1
BRDA:132,7,0,0
BRDA:132,7,1,2
BRDA:175,8,0,0
BRDA:175,8,1,0
BRDA:198,9,0,0
BRDA:198,9,1,0
BRDA:214,10,0,2
BRDA:214,10,1,6
BRDA:216,11,0,2
BRDA:216,11,1,4
BRDA:219,12,0,1
BRDA:219,12,1,1
BRDA:265,13,0,2
BRDA:265,13,1,1
BRDA:271,14,0,2
BRDA:271,14,1,1
BRDA:279,15,0,1
BRDA:279,15,1,2
BRDA:298,16,0,0
BRDA:298,16,1,0
BRDA:312,17,0,0
BRDA:312,17,1,0
BRDA:336,18,0,0
BRDA:336,18,1,0
BRDA:345,19,0,1
BRDA:345,19,1,1
BRDA:365,20,0,4
BRDA:365,20,1,2
BRDA:366,21,0,4
BRDA:366,21,1,2
BRDA:367,22,0,4
BRDA:367,22,1,2
BRDA:374,23,0,4
BRDA:374,23,1,4
BRDA:378,24,0,4
BRDA:378,24,1,4
BRDA:382,25,0,4
BRDA:382,25,1,4
BRDA:395,26,0,1
BRDA:395,26,1,1
BRDA:399,27,0,1
BRDA:399,27,1,1
BRDA:412,28,0,4
BRDA:412,28,1,2
BRDA:421,29,0,4
BRDA:421,29,1,2
BRDA:429,30,0,3
BRDA:429,30,1,3
BRDA:443,31,0,3
BRDA:443,31,1,3
BRDA:458,32,0,2
BRDA:458,32,1,2
BRDA:472,33,0,1
BRDA:472,33,1,2
BRDA:479,34,0,1
BRDA:479,34,1,1
BRDA:496,35,0,1
BRDA:496,35,1,1
BRDA:555,36,0,1
BRDA:555,36,1,1
BRDA:615,37,0,0
BRDA:615,37,1,0
BRDA:619,38,0,0
BRDA:619,38,1,0
BRDA:627,39,0,0
BRDA:627,39,1,0
BRDA:628,40,0,0
BRDA:628,40,1,0
BRDA:633,41,0,0
BRDA:633,41,1,0
BRDA:637,42,0,0
BRDA:637,42,1,0
BRDA:663,43,0,3
BRDA:663,43,1,3
BRF:90
BRH:67
end_of_record
